#
# There is insufficient memory for the Java Runtime Environment to continue.
# Native memory allocation (mmap) failed to map 18874368 bytes for G1 virtual space
# Possible reasons:
#   The system is out of physical RAM or swap space
#   The process is running with CompressedOops enabled, and the Java Heap may be blocking the growth of the native heap
# Possible solutions:
#   Reduce memory load on the system
#   Increase physical memory or swap space
#   Check if swap backing store is full
#   Decrease Java heap size (-Xmx/-Xms)
#   Decrease number of Java threads
#   Decrease Java thread stack sizes (-Xss)
#   Set larger code cache with -XX:ReservedCodeCacheSize=
#   JVM is running with Unscaled Compressed Oops mode in which the Java heap is
#     placed in the first 4GB address space. The Java Heap base address is the
#     maximum limit for the native heap growth. Please use -XX:HeapBaseMinAddress
#     to set the Java Heap base and to place the Java Heap above 4GB virtual address.
# This output file may be truncated or incomplete.
#
#  Out of Memory Error (./open/src/hotspot/os/windows/os_windows.cpp:3472), pid=15132, tid=26932
#
# JRE version: OpenJDK Runtime Environment (15.0.1+9) (build 15.0.1+9-18)
# Java VM: OpenJDK 64-Bit Server VM (15.0.1+9-18, mixed mode, tiered, compressed oops, g1 gc, windows-amd64)
# No core dump will be written. Minidumps are not enabled by default on client versions of Windows
#

---------------  S U M M A R Y ------------

Command Line: -Dcom.sun.management.jmxremote -Dcom.sun.management.jmxremote.port=56028 -Dcom.sun.management.jmxremote.authenticate=false -Dcom.sun.management.jmxremote.ssl=false -Djava.rmi.server.hostname=localhost -Dspring.jmx.enabled=true -Dspring.application.admin.enabled=true -XX:TieredStopAtLevel=1 -Dspring.boot.project.name=BackPfe -Dfile.encoding=UTF-8 -XX:+ShowCodeDetailsInExceptionMessages com.pfe.back.BackPfe.BackPfeApplication --spring.output.ansi.enabled=always

Host: Intel(R) Core(TM) i5-8265U CPU @ 1.60GHz, 8 cores, 7G,  Windows 10 , 64 bit Build 19041 (10.0.19041.1566)
Time: Sat Apr  2 14:27:24 2022 Paris, Madrid (heure d’été) elapsed time: 96254.778812 seconds (1d 2h 44m 14s)

---------------  T H R E A D  ---------------

Current thread (0x0000020ff976afc0):  VMThread "VM Thread" [stack: 0x000000266dc00000,0x000000266dd00000] [id=26932]

Stack: [0x000000266dc00000,0x000000266dd00000]
[error occurred during error reporting (printing stack bounds), id 0xc0000005, EXCEPTION_ACCESS_VIOLATION (0xc0000005) at pc=0x0000020f800010ad]

Native frames: (J=compiled Java code, j=interpreted, Vv=VM code, C=native code)
V  [jvm.dll+0x62ae9a]
V  [jvm.dll+0x781389]
V  [jvm.dll+0x782ae3]
V  [jvm.dll+0x7830a5]
V  [jvm.dll+0x78305b]
V  [jvm.dll+0x62a2b9]
V  [jvm.dll+0x62aa88]
C  [ntdll.dll+0xa20cf]
C  [ntdll.dll+0x51454]
C  [ntdll.dll+0xa0bfe]
C  0x0000020f800010ad

VM_Operation (0x00000026709f64a0): G1TryInitiateConcMark, mode: safepoint, requested by thread 0x0000020ffb03b8d0


---------------  P R O C E S S  ---------------

Threads class SMR info:
_java_thread_list=0x0000020ffe20ee20, length=35, elements={
0x0000020ff8f5a050, 0x0000020ff8f422f0, 0x0000020ff97ad4f0, 0x0000020ff97adeb0,
0x0000020ff97ae870, 0x0000020ff97b12f0, 0x0000020ff97bdab0, 0x0000020ff8edc200,
0x0000020ff9981d40, 0x0000020ff9ffc2c0, 0x0000020ff9ffc790, 0x0000020ff9fe5790,
0x0000020ffa115df0, 0x0000020ffb03edc0, 0x0000020ffb03c270, 0x0000020ffb040aa0,
0x0000020ffb03fc30, 0x0000020ffb040f70, 0x0000020ffb03af30, 0x0000020ffb03aa60,
0x0000020ffb041440, 0x0000020ffb03da80, 0x0000020ffb041910, 0x0000020ffb03e420,
0x0000020ffb03a0c0, 0x0000020ffb03b8d0, 0x0000020ffb03bda0, 0x0000020ffb03c740,
0x0000020ffb03e8f0, 0x0000020ffbc49540, 0x0000020ffbc4a3b0, 0x0000020ffbc4ebe0,
0x0000020ffbc4b6f0, 0x0000020ffbc4fa50, 0x0000020ffbc49070
}

Java Threads: ( => current thread )
  0x0000020ff8f5a050 JavaThread "Reference Handler" daemon [_thread_blocked, id=21812, stack(0x000000266dd00000,0x000000266de00000)]
  0x0000020ff8f422f0 JavaThread "Finalizer" daemon [_thread_blocked, id=18536, stack(0x000000266de00000,0x000000266df00000)]
  0x0000020ff97ad4f0 JavaThread "Signal Dispatcher" daemon [_thread_blocked, id=21528, stack(0x000000266df00000,0x000000266e000000)]
  0x0000020ff97adeb0 JavaThread "Attach Listener" daemon [_thread_blocked, id=26220, stack(0x000000266e000000,0x000000266e100000)]
  0x0000020ff97ae870 JavaThread "Service Thread" daemon [_thread_blocked, id=1568, stack(0x000000266e100000,0x000000266e200000)]
  0x0000020ff97b12f0 JavaThread "C1 CompilerThread0" daemon [_thread_blocked, id=17752, stack(0x000000266e200000,0x000000266e300000)]
  0x0000020ff97bdab0 JavaThread "Sweeper thread" daemon [_thread_blocked, id=21976, stack(0x000000266e300000,0x000000266e400000)]
  0x0000020ff8edc200 JavaThread "Common-Cleaner" daemon [_thread_blocked, id=14756, stack(0x000000266e400000,0x000000266e500000)]
  0x0000020ff9981d40 JavaThread "Notification Thread" daemon [_thread_blocked, id=26508, stack(0x000000266e500000,0x000000266e600000)]
  0x0000020ff9ffc2c0 JavaThread "RMI TCP Accept-0" daemon [_thread_in_native, id=8524, stack(0x000000266e600000,0x000000266e700000)]
  0x0000020ff9ffc790 JavaThread "RMI TCP Accept-56028" daemon [_thread_in_native, id=13152, stack(0x000000266e700000,0x000000266e800000)]
  0x0000020ff9fe5790 JavaThread "RMI TCP Accept-0" daemon [_thread_in_native, id=27032, stack(0x000000266e800000,0x000000266e900000)]
  0x0000020ffa115df0 JavaThread "RMI Scheduler(0)" daemon [_thread_blocked, id=25464, stack(0x000000266eb00000,0x000000266ec00000)]
  0x0000020ffb03edc0 JavaThread "Catalina-utility-1" [_thread_blocked, id=15500, stack(0x000000266f800000,0x000000266f900000)]
  0x0000020ffb03c270 JavaThread "Catalina-utility-2" [_thread_blocked, id=27420, stack(0x000000266fc00000,0x000000266fd00000)]
  0x0000020ffb040aa0 JavaThread "container-0" [_thread_blocked, id=14016, stack(0x000000266fd00000,0x000000266fe00000)]
  0x0000020ffb03fc30 JavaThread "mysql-cj-abandoned-connection-cleanup" daemon [_thread_blocked, id=11424, stack(0x000000266fe00000,0x000000266ff00000)]
  0x0000020ffb040f70 JavaThread "HikariPool-1 housekeeper" daemon [_thread_blocked, id=8272, stack(0x0000002670000000,0x0000002670100000)]
  0x0000020ffb03af30 JavaThread "File Watcher" daemon [_thread_blocked, id=20028, stack(0x0000002670200000,0x0000002670300000)]
  0x0000020ffb03aa60 JavaThread "Live Reload Server" daemon [_thread_in_native, id=24204, stack(0x0000002670400000,0x0000002670500000)]
  0x0000020ffb041440 JavaThread "http-nio-8080-exec-1" daemon [_thread_blocked, id=6744, stack(0x0000002670300000,0x0000002670400000)]
  0x0000020ffb03da80 JavaThread "http-nio-8080-exec-2" daemon [_thread_blocked, id=13164, stack(0x0000002670500000,0x0000002670600000)]
  0x0000020ffb041910 JavaThread "http-nio-8080-exec-3" daemon [_thread_blocked, id=25972, stack(0x0000002670600000,0x0000002670700000)]
  0x0000020ffb03e420 JavaThread "http-nio-8080-exec-4" daemon [_thread_blocked, id=22356, stack(0x0000002670700000,0x0000002670800000)]
  0x0000020ffb03a0c0 JavaThread "http-nio-8080-exec-5" daemon [_thread_blocked, id=10952, stack(0x0000002670800000,0x0000002670900000)]
  0x0000020ffb03b8d0 JavaThread "http-nio-8080-exec-6" daemon [_thread_blocked, id=11360, stack(0x0000002670900000,0x0000002670a00000)]
  0x0000020ffb03bda0 JavaThread "http-nio-8080-exec-7" daemon [_thread_blocked, id=21792, stack(0x0000002670a00000,0x0000002670b00000)]
  0x0000020ffb03c740 JavaThread "http-nio-8080-exec-8" daemon [_thread_blocked, id=4320, stack(0x0000002670b00000,0x0000002670c00000)]
  0x0000020ffb03e8f0 JavaThread "http-nio-8080-exec-9" daemon [_thread_blocked, id=18908, stack(0x0000002670c00000,0x0000002670d00000)]
  0x0000020ffbc49540 JavaThread "http-nio-8080-exec-10" daemon [_thread_blocked, id=20416, stack(0x0000002670d00000,0x0000002670e00000)]
  0x0000020ffbc4a3b0 JavaThread "http-nio-8080-Poller" daemon [_thread_in_native, id=21572, stack(0x0000002670e00000,0x0000002670f00000)]
  0x0000020ffbc4ebe0 JavaThread "http-nio-8080-Acceptor" daemon [_thread_in_native, id=12688, stack(0x0000002670f00000,0x0000002671000000)]
  0x0000020ffbc4b6f0 JavaThread "DestroyJavaVM" [_thread_blocked, id=23276, stack(0x000000266d600000,0x000000266d700000)]
  0x0000020ffbc4fa50 JavaThread "RMI TCP Connection(422)-127.0.0.1" daemon [_thread_in_native, id=13532, stack(0x000000266d300000,0x000000266d400000)]
  0x0000020ffbc49070 JavaThread "JMX server connection timeout 140" daemon [_thread_blocked, id=9232, stack(0x000000266d400000,0x000000266d500000)]

Other Threads:
=>0x0000020ff976afc0 VMThread "VM Thread" [stack: 0x000000266dc00000,0x000000266dd00000] [id=26932]
  0x0000020fedc7f980 WatcherThread [stack: 0x000000266e900000,0x000000266ea00000] [id=12712]
  0x0000020fedcbf0e0 GCTaskThread "GC Thread#0" [stack: 0x000000266d700000,0x000000266d800000] [id=17024]
  0x0000020ffa0a3d80 GCTaskThread "GC Thread#1" [stack: 0x000000266ee00000,0x000000266ef00000] [id=8156]
  0x0000020ffa0a50a0 GCTaskThread "GC Thread#2" [stack: 0x000000266ef00000,0x000000266f000000] [id=10444]
  0x0000020ffa0a20d0 GCTaskThread "GC Thread#3" [stack: 0x000000266f500000,0x000000266f600000] [id=20080]
  0x0000020ffa0a3720 GCTaskThread "GC Thread#4" [stack: 0x000000266f600000,0x000000266f700000] [id=19900]
  0x0000020ffa0a2730 GCTaskThread "GC Thread#5" [stack: 0x000000266f700000,0x000000266f800000] [id=21552]
  0x0000020ffa0a2400 GCTaskThread "GC Thread#6" [stack: 0x000000266f900000,0x000000266fa00000] [id=4888]
  0x0000020ffa0a43e0 GCTaskThread "GC Thread#7" [stack: 0x000000266fa00000,0x000000266fb00000] [id=8240]
  0x0000020fedcd0f10 ConcurrentGCThread "G1 Main Marker" [stack: 0x000000266d800000,0x000000266d900000] [id=2452]
  0x0000020fedcd2370 ConcurrentGCThread "G1 Conc#0" [stack: 0x000000266d900000,0x000000266da00000] [id=21984]
  0x0000020ffa0a4710 ConcurrentGCThread "G1 Conc#1" [stack: 0x000000266fb00000,0x000000266fc00000] [id=14988]
  0x0000020ff8d70090 ConcurrentGCThread "G1 Refine#0" [stack: 0x000000266da00000,0x000000266db00000] [id=18160]
  0x0000020ffaf6a690 ConcurrentGCThread "G1 Refine#1" [stack: 0x000000266f000000,0x000000266f100000] [id=21496]
  0x0000020ffaf6a9f0 ConcurrentGCThread "G1 Refine#2" [stack: 0x000000266f100000,0x000000266f200000] [id=22648]
  0x0000020ffaf6ad50 ConcurrentGCThread "G1 Refine#3" [stack: 0x000000266f200000,0x000000266f300000] [id=6180]
  0x0000020ff8d70c20 ConcurrentGCThread "G1 Young RemSet Sampling" [stack: 0x000000266db00000,0x000000266dc00000] [id=15932]

Threads with active compile tasks:

VM state: at safepoint (normal execution)

VM Mutex/Monitor currently owned by a thread:  ([mutex/lock_event])
[0x0000020fedc79c50] Threads_lock - owner thread: 0x0000020ff976afc0
[0x0000020fedc7a940] Heap_lock - owner thread: 0x0000020ffb03b8d0

Heap address: 0x0000000081e00000, size: 2018 MB, Compressed Oops mode: 32-bit
CDS disabled.
Compressed class space mapped at: 0x0000000100000000-0x0000000140000000, size: 1073741824
Narrow klass base: 0x0000000000000000, Narrow klass shift: 3, Narrow klass range: 0x140000000

GC Precious Log:
 CPUs: 8 total, 8 available
 Memory: 8071M
 Large Page Support: Disabled
 NUMA Support: Disabled
 Compressed Oops: Enabled (32-bit)
 Heap Region Size: 1M
 Heap Min Capacity: 8M
 Heap Initial Capacity: 128M
 Heap Max Capacity: 2018M
 Pre-touch: Disabled
 Parallel Workers: 8
 Concurrent Workers: 2
 Concurrent Refinement Workers: 8
 Periodic GC: Disabled

Heap:
 garbage-first heap   total 172032K, used 30409K [0x0000000081e00000, 0x0000000100000000)
  region size 1024K, 2 young (2048K), 2 survivors (2048K)
 Metaspace       used 76806K, capacity 77427K, committed 77824K, reserved 1116160K
  class space    used 9891K, capacity 10129K, committed 10240K, reserved 1048576K

Heap Regions: E=young(eden), S=young(survivor), O=old, HS=humongous(starts), HC=humongous(continues), CS=collection set, F=free, OA=open archive, CA=closed archive, TAMS=top-at-mark-start (previous, next)
|   0|0x0000000081e00000, 0x0000000081f00000, 0x0000000081f00000|100%|HS|  |TAMS 0x0000000081f00000, 0x0000000081f00000| Complete 
|   1|0x0000000081f00000, 0x0000000082000000, 0x0000000082000000|100%| O|  |TAMS 0x0000000082000000, 0x0000000082000000| Untracked 
|   2|0x0000000082000000, 0x0000000082100000, 0x0000000082100000|100%| O|  |TAMS 0x0000000082100000, 0x0000000082100000| Untracked 
|   3|0x0000000082100000, 0x0000000082100000, 0x0000000082200000|  0%| F|  |TAMS 0x0000000082100000, 0x0000000082100000| Untracked 
|   4|0x0000000082200000, 0x0000000082300000, 0x0000000082300000|100%| O|  |TAMS 0x0000000082300000, 0x0000000082300000| Untracked 
|   5|0x0000000082300000, 0x0000000082400000, 0x0000000082400000|100%| O|  |TAMS 0x0000000082400000, 0x0000000082400000| Untracked 
|   6|0x0000000082400000, 0x0000000082400000, 0x0000000082500000|  0%| F|  |TAMS 0x0000000082400000, 0x0000000082400000| Untracked 
|   7|0x0000000082500000, 0x0000000082500000, 0x0000000082600000|  0%| F|  |TAMS 0x0000000082500000, 0x0000000082500000| Untracked 
|   8|0x0000000082600000, 0x0000000082640c00, 0x0000000082700000| 25%| O|  |TAMS 0x0000000082640c00, 0x0000000082640c00| Untracked 
|   9|0x0000000082700000, 0x0000000082800000, 0x0000000082800000|100%| O|  |TAMS 0x0000000082800000, 0x0000000082800000| Untracked 
|  10|0x0000000082800000, 0x0000000082900000, 0x0000000082900000|100%| O|  |TAMS 0x0000000082900000, 0x0000000082900000| Untracked 
|  11|0x0000000082900000, 0x0000000082900000, 0x0000000082a00000|  0%| F|  |TAMS 0x0000000082900000, 0x0000000082900000| Untracked 
|  12|0x0000000082a00000, 0x0000000082b00000, 0x0000000082b00000|100%| O|  |TAMS 0x0000000082b00000, 0x0000000082b00000| Untracked 
|  13|0x0000000082b00000, 0x0000000082b01400, 0x0000000082c00000|  0%| O|  |TAMS 0x0000000082b01400, 0x0000000082b01400| Untracked 
|  14|0x0000000082c00000, 0x0000000082c06c00, 0x0000000082d00000|  2%| O|  |TAMS 0x0000000082c06c00, 0x0000000082c06c00| Untracked 
|  15|0x0000000082d00000, 0x0000000082e00000, 0x0000000082e00000|100%| O|  |TAMS 0x0000000082e00000, 0x0000000082e00000| Untracked 
|  16|0x0000000082e00000, 0x0000000082e01a00, 0x0000000082f00000|  0%| O|  |TAMS 0x0000000082e01a00, 0x0000000082e01a00| Untracked 
|  17|0x0000000082f00000, 0x0000000082f00000, 0x0000000083000000|  0%| F|  |TAMS 0x0000000082f00000, 0x0000000082f00000| Untracked 
|  18|0x0000000083000000, 0x0000000083100000, 0x0000000083100000|100%| O|  |TAMS 0x0000000083100000, 0x0000000083100000| Untracked 
|  19|0x0000000083100000, 0x0000000083200000, 0x0000000083200000|100%| O|  |TAMS 0x0000000083200000, 0x0000000083200000| Untracked 
|  20|0x0000000083200000, 0x0000000083300000, 0x0000000083300000|100%| O|  |TAMS 0x0000000083300000, 0x0000000083300000| Untracked 
|  21|0x0000000083300000, 0x0000000083400000, 0x0000000083400000|100%| O|  |TAMS 0x0000000083400000, 0x0000000083400000| Untracked 
|  22|0x0000000083400000, 0x0000000083500000, 0x0000000083500000|100%| O|  |TAMS 0x0000000083500000, 0x0000000083500000| Untracked 
|  23|0x0000000083500000, 0x0000000083600000, 0x0000000083600000|100%| O|  |TAMS 0x0000000083600000, 0x0000000083600000| Untracked 
|  24|0x0000000083600000, 0x0000000083700000, 0x0000000083700000|100%| O|  |TAMS 0x0000000083700000, 0x0000000083700000| Untracked 
|  25|0x0000000083700000, 0x0000000083800000, 0x0000000083800000|100%| O|  |TAMS 0x0000000083800000, 0x0000000083800000| Untracked 
|  26|0x0000000083800000, 0x0000000083800a00, 0x0000000083900000|  0%| O|  |TAMS 0x0000000083800a00, 0x0000000083800a00| Untracked 
|  27|0x0000000083900000, 0x0000000083901a00, 0x0000000083a00000|  0%| O|  |TAMS 0x0000000083901a00, 0x0000000083901a00| Untracked 
|  28|0x0000000083a00000, 0x0000000083a00000, 0x0000000083b00000|  0%| F|  |TAMS 0x0000000083a00000, 0x0000000083a00000| Untracked 
|  29|0x0000000083b00000, 0x0000000083c00000, 0x0000000083c00000|100%| O|  |TAMS 0x0000000083c00000, 0x0000000083c00000| Untracked 
|  30|0x0000000083c00000, 0x0000000083d00000, 0x0000000083d00000|100%| O|  |TAMS 0x0000000083d00000, 0x0000000083d00000| Untracked 
|  31|0x0000000083d00000, 0x0000000083e00000, 0x0000000083e00000|100%| O|  |TAMS 0x0000000083e00000, 0x0000000083e00000| Untracked 
|  32|0x0000000083e00000, 0x0000000083e00000, 0x0000000083f00000|  0%| F|  |TAMS 0x0000000083e00000, 0x0000000083e00000| Untracked 
|  33|0x0000000083f00000, 0x0000000084000000, 0x0000000084000000|100%| O|  |TAMS 0x0000000084000000, 0x0000000084000000| Untracked 
|  34|0x0000000084000000, 0x0000000084000000, 0x0000000084100000|  0%| F|  |TAMS 0x0000000084000000, 0x0000000084000000| Untracked 
|  35|0x0000000084100000, 0x0000000084200000, 0x0000000084200000|100%| O|  |TAMS 0x0000000084200000, 0x0000000084200000| Untracked 
|  36|0x0000000084200000, 0x0000000084300000, 0x0000000084300000|100%| O|  |TAMS 0x0000000084300000, 0x0000000084300000| Untracked 
|  37|0x0000000084300000, 0x0000000084300000, 0x0000000084400000|  0%| F|  |TAMS 0x0000000084300000, 0x0000000084300000| Untracked 
|  38|0x0000000084400000, 0x0000000084500000, 0x0000000084500000|100%| O|  |TAMS 0x0000000084500000, 0x0000000084500000| Untracked 
|  39|0x0000000084500000, 0x0000000084600000, 0x0000000084600000|100%| O|  |TAMS 0x0000000084600000, 0x0000000084600000| Untracked 
|  40|0x0000000084600000, 0x0000000084700000, 0x0000000084700000|100%| O|  |TAMS 0x0000000084700000, 0x0000000084700000| Untracked 
|  41|0x0000000084700000, 0x0000000084800000, 0x0000000084800000|100%| O|  |TAMS 0x0000000084800000, 0x0000000084800000| Untracked 
|  42|0x0000000084800000, 0x0000000084900000, 0x0000000084900000|100%| O|  |TAMS 0x0000000084900000, 0x0000000084900000| Untracked 
|  43|0x0000000084900000, 0x0000000084900000, 0x0000000084a00000|  0%| F|  |TAMS 0x0000000084900000, 0x0000000084900000| Untracked 
|  44|0x0000000084a00000, 0x0000000084a00000, 0x0000000084b00000|  0%| F|  |TAMS 0x0000000084a00000, 0x0000000084a00000| Untracked 
|  45|0x0000000084b00000, 0x0000000084b00000, 0x0000000084c00000|  0%| F|  |TAMS 0x0000000084b00000, 0x0000000084b00000| Untracked 
|  46|0x0000000084c00000, 0x0000000084c00000, 0x0000000084d00000|  0%| F|  |TAMS 0x0000000084c00000, 0x0000000084c00000| Untracked 
|  47|0x0000000084d00000, 0x0000000084d00000, 0x0000000084e00000|  0%| F|  |TAMS 0x0000000084d00000, 0x0000000084d00000| Untracked 
|  48|0x0000000084e00000, 0x0000000084e00000, 0x0000000084f00000|  0%| F|  |TAMS 0x0000000084e00000, 0x0000000084e00000| Untracked 
|  49|0x0000000084f00000, 0x0000000084f00000, 0x0000000085000000|  0%| F|  |TAMS 0x0000000084f00000, 0x0000000084f00000| Untracked 
|  50|0x0000000085000000, 0x0000000085000000, 0x0000000085100000|  0%| F|  |TAMS 0x0000000085000000, 0x0000000085000000| Untracked 
|  51|0x0000000085100000, 0x0000000085100000, 0x0000000085200000|  0%| F|  |TAMS 0x0000000085100000, 0x0000000085100000| Untracked 
|  52|0x0000000085200000, 0x0000000085200000, 0x0000000085300000|  0%| F|  |TAMS 0x0000000085200000, 0x0000000085200000| Untracked 
|  53|0x0000000085300000, 0x0000000085300000, 0x0000000085400000|  0%| F|  |TAMS 0x0000000085300000, 0x0000000085300000| Untracked 
|  54|0x0000000085400000, 0x0000000085400000, 0x0000000085500000|  0%| F|  |TAMS 0x0000000085400000, 0x0000000085400000| Untracked 
|  55|0x0000000085500000, 0x0000000085500000, 0x0000000085600000|  0%| F|  |TAMS 0x0000000085500000, 0x0000000085500000| Untracked 
|  56|0x0000000085600000, 0x0000000085600000, 0x0000000085700000|  0%| F|  |TAMS 0x0000000085600000, 0x0000000085600000| Untracked 
|  57|0x0000000085700000, 0x0000000085700000, 0x0000000085800000|  0%| F|  |TAMS 0x0000000085700000, 0x0000000085700000| Untracked 
|  58|0x0000000085800000, 0x0000000085800000, 0x0000000085900000|  0%| F|  |TAMS 0x0000000085800000, 0x0000000085800000| Untracked 
|  59|0x0000000085900000, 0x0000000085900000, 0x0000000085a00000|  0%| F|  |TAMS 0x0000000085900000, 0x0000000085900000| Untracked 
|  60|0x0000000085a00000, 0x0000000085a00000, 0x0000000085b00000|  0%| F|  |TAMS 0x0000000085a00000, 0x0000000085a00000| Untracked 
|  61|0x0000000085b00000, 0x0000000085b00000, 0x0000000085c00000|  0%| F|  |TAMS 0x0000000085b00000, 0x0000000085b00000| Untracked 
|  62|0x0000000085c00000, 0x0000000085c00000, 0x0000000085d00000|  0%| F|  |TAMS 0x0000000085c00000, 0x0000000085c00000| Untracked 
|  63|0x0000000085d00000, 0x0000000085d00000, 0x0000000085e00000|  0%| F|  |TAMS 0x0000000085d00000, 0x0000000085d00000| Untracked 
|  64|0x0000000085e00000, 0x0000000085e00000, 0x0000000085f00000|  0%| F|  |TAMS 0x0000000085e00000, 0x0000000085e00000| Untracked 
|  65|0x0000000085f00000, 0x0000000085f00000, 0x0000000086000000|  0%| F|  |TAMS 0x0000000085f00000, 0x0000000085f00000| Untracked 
|  66|0x0000000086000000, 0x0000000086000000, 0x0000000086100000|  0%| F|  |TAMS 0x0000000086000000, 0x0000000086000000| Untracked 
|  67|0x0000000086100000, 0x0000000086100000, 0x0000000086200000|  0%| F|  |TAMS 0x0000000086100000, 0x0000000086100000| Untracked 
|  68|0x0000000086200000, 0x0000000086200000, 0x0000000086300000|  0%| F|  |TAMS 0x0000000086200000, 0x0000000086200000| Untracked 
|  69|0x0000000086300000, 0x0000000086300000, 0x0000000086400000|  0%| F|  |TAMS 0x0000000086300000, 0x0000000086300000| Untracked 
|  70|0x0000000086400000, 0x0000000086400000, 0x0000000086500000|  0%| F|  |TAMS 0x0000000086400000, 0x0000000086400000| Untracked 
|  71|0x0000000086500000, 0x0000000086500000, 0x0000000086600000|  0%| F|  |TAMS 0x0000000086500000, 0x0000000086500000| Untracked 
|  72|0x0000000086600000, 0x0000000086600000, 0x0000000086700000|  0%| F|  |TAMS 0x0000000086600000, 0x0000000086600000| Untracked 
|  73|0x0000000086700000, 0x0000000086700000, 0x0000000086800000|  0%| F|  |TAMS 0x0000000086700000, 0x0000000086700000| Untracked 
|  74|0x0000000086800000, 0x0000000086800000, 0x0000000086900000|  0%| F|  |TAMS 0x0000000086800000, 0x0000000086800000| Untracked 
|  75|0x0000000086900000, 0x0000000086900000, 0x0000000086a00000|  0%| F|  |TAMS 0x0000000086900000, 0x0000000086900000| Untracked 
|  76|0x0000000086a00000, 0x0000000086a00000, 0x0000000086b00000|  0%| F|  |TAMS 0x0000000086a00000, 0x0000000086a00000| Untracked 
|  77|0x0000000086b00000, 0x0000000086b00000, 0x0000000086c00000|  0%| F|  |TAMS 0x0000000086b00000, 0x0000000086b00000| Untracked 
|  78|0x0000000086c00000, 0x0000000086c00000, 0x0000000086d00000|  0%| F|  |TAMS 0x0000000086c00000, 0x0000000086c00000| Untracked 
|  79|0x0000000086d00000, 0x0000000086d00000, 0x0000000086e00000|  0%| F|  |TAMS 0x0000000086d00000, 0x0000000086d00000| Untracked 
|  80|0x0000000086e00000, 0x0000000086e00000, 0x0000000086f00000|  0%| F|  |TAMS 0x0000000086e00000, 0x0000000086e00000| Untracked 
|  81|0x0000000086f00000, 0x0000000086f00000, 0x0000000087000000|  0%| F|  |TAMS 0x0000000086f00000, 0x0000000086f00000| Untracked 
|  82|0x0000000087000000, 0x0000000087000000, 0x0000000087100000|  0%| F|  |TAMS 0x0000000087000000, 0x0000000087000000| Untracked 
|  83|0x0000000087100000, 0x0000000087100000, 0x0000000087200000|  0%| F|  |TAMS 0x0000000087100000, 0x0000000087100000| Untracked 
|  84|0x0000000087200000, 0x0000000087200000, 0x0000000087300000|  0%| F|  |TAMS 0x0000000087200000, 0x0000000087200000| Untracked 
|  85|0x0000000087300000, 0x0000000087300000, 0x0000000087400000|  0%| F|  |TAMS 0x0000000087300000, 0x0000000087300000| Untracked 
|  86|0x0000000087400000, 0x0000000087400000, 0x0000000087500000|  0%| F|  |TAMS 0x0000000087400000, 0x0000000087400000| Untracked 
|  87|0x0000000087500000, 0x0000000087500000, 0x0000000087600000|  0%| F|  |TAMS 0x0000000087500000, 0x0000000087500000| Untracked 
|  88|0x0000000087600000, 0x0000000087600000, 0x0000000087700000|  0%| F|  |TAMS 0x0000000087600000, 0x0000000087600000| Untracked 
|  89|0x0000000087700000, 0x0000000087700000, 0x0000000087800000|  0%| F|  |TAMS 0x0000000087700000, 0x0000000087700000| Untracked 
|  90|0x0000000087800000, 0x0000000087800000, 0x0000000087900000|  0%| F|  |TAMS 0x0000000087800000, 0x0000000087800000| Untracked 
|  91|0x0000000087900000, 0x0000000087900000, 0x0000000087a00000|  0%| F|  |TAMS 0x0000000087900000, 0x0000000087900000| Untracked 
|  92|0x0000000087a00000, 0x0000000087a00000, 0x0000000087b00000|  0%| F|  |TAMS 0x0000000087a00000, 0x0000000087a00000| Untracked 
|  93|0x0000000087b00000, 0x0000000087b00000, 0x0000000087c00000|  0%| F|  |TAMS 0x0000000087b00000, 0x0000000087b00000| Untracked 
|  94|0x0000000087c00000, 0x0000000087c00000, 0x0000000087d00000|  0%| F|  |TAMS 0x0000000087c00000, 0x0000000087c00000| Untracked 
|  95|0x0000000087d00000, 0x0000000087d00000, 0x0000000087e00000|  0%| F|  |TAMS 0x0000000087d00000, 0x0000000087d00000| Untracked 
|  96|0x0000000087e00000, 0x0000000087e00000, 0x0000000087f00000|  0%| F|  |TAMS 0x0000000087e00000, 0x0000000087e00000| Untracked 
|  97|0x0000000087f00000, 0x0000000087f00000, 0x0000000088000000|  0%| F|  |TAMS 0x0000000087f00000, 0x0000000087f00000| Untracked 
|  98|0x0000000088000000, 0x0000000088000000, 0x0000000088100000|  0%| F|  |TAMS 0x0000000088000000, 0x0000000088000000| Untracked 
|  99|0x0000000088100000, 0x0000000088100000, 0x0000000088200000|  0%| F|  |TAMS 0x0000000088100000, 0x0000000088100000| Untracked 
| 100|0x0000000088200000, 0x0000000088200000, 0x0000000088300000|  0%| F|  |TAMS 0x0000000088200000, 0x0000000088200000| Untracked 
| 101|0x0000000088300000, 0x0000000088300000, 0x0000000088400000|  0%| F|  |TAMS 0x0000000088300000, 0x0000000088300000| Untracked 
| 102|0x0000000088400000, 0x0000000088400000, 0x0000000088500000|  0%| F|  |TAMS 0x0000000088400000, 0x0000000088400000| Untracked 
| 103|0x0000000088500000, 0x0000000088500000, 0x0000000088600000|  0%| F|  |TAMS 0x0000000088500000, 0x0000000088500000| Untracked 
| 104|0x0000000088600000, 0x0000000088600000, 0x0000000088700000|  0%| F|  |TAMS 0x0000000088600000, 0x0000000088600000| Untracked 
| 105|0x0000000088700000, 0x0000000088700000, 0x0000000088800000|  0%| F|  |TAMS 0x0000000088700000, 0x0000000088700000| Untracked 
| 106|0x0000000088800000, 0x0000000088800000, 0x0000000088900000|  0%| F|  |TAMS 0x0000000088800000, 0x0000000088800000| Untracked 
| 107|0x0000000088900000, 0x0000000088900000, 0x0000000088a00000|  0%| F|  |TAMS 0x0000000088900000, 0x0000000088900000| Untracked 
| 108|0x0000000088a00000, 0x0000000088a00000, 0x0000000088b00000|  0%| F|  |TAMS 0x0000000088a00000, 0x0000000088a00000| Untracked 
| 109|0x0000000088b00000, 0x0000000088b00000, 0x0000000088c00000|  0%| F|  |TAMS 0x0000000088b00000, 0x0000000088b00000| Untracked 
| 110|0x0000000088c00000, 0x0000000088c00000, 0x0000000088d00000|  0%| F|  |TAMS 0x0000000088c00000, 0x0000000088c00000| Untracked 
| 111|0x0000000088d00000, 0x0000000088d00000, 0x0000000088e00000|  0%| F|  |TAMS 0x0000000088d00000, 0x0000000088d00000| Untracked 
| 112|0x0000000088e00000, 0x0000000088e00000, 0x0000000088f00000|  0%| F|  |TAMS 0x0000000088e00000, 0x0000000088e00000| Untracked 
| 113|0x0000000088f00000, 0x0000000088f00000, 0x0000000089000000|  0%| F|  |TAMS 0x0000000088f00000, 0x0000000088f00000| Untracked 
| 114|0x0000000089000000, 0x0000000089000000, 0x0000000089100000|  0%| F|  |TAMS 0x0000000089000000, 0x0000000089000000| Untracked 
| 115|0x0000000089100000, 0x0000000089100000, 0x0000000089200000|  0%| F|  |TAMS 0x0000000089100000, 0x0000000089100000| Untracked 
| 116|0x0000000089200000, 0x0000000089200000, 0x0000000089300000|  0%| F|  |TAMS 0x0000000089200000, 0x0000000089200000| Untracked 
| 117|0x0000000089300000, 0x0000000089300000, 0x0000000089400000|  0%| F|  |TAMS 0x0000000089300000, 0x0000000089300000| Untracked 
| 118|0x0000000089400000, 0x0000000089400000, 0x0000000089500000|  0%| F|  |TAMS 0x0000000089400000, 0x0000000089400000| Untracked 
| 119|0x0000000089500000, 0x0000000089500000, 0x0000000089600000|  0%| F|  |TAMS 0x0000000089500000, 0x0000000089500000| Untracked 
| 120|0x0000000089600000, 0x0000000089600000, 0x0000000089700000|  0%| F|  |TAMS 0x0000000089600000, 0x0000000089600000| Untracked 
| 121|0x0000000089700000, 0x0000000089700000, 0x0000000089800000|  0%| F|  |TAMS 0x0000000089700000, 0x0000000089700000| Untracked 
| 122|0x0000000089800000, 0x0000000089800000, 0x0000000089900000|  0%| F|  |TAMS 0x0000000089800000, 0x0000000089800000| Untracked 
| 123|0x0000000089900000, 0x0000000089900000, 0x0000000089a00000|  0%| F|  |TAMS 0x0000000089900000, 0x0000000089900000| Untracked 
| 124|0x0000000089a00000, 0x0000000089a00000, 0x0000000089b00000|  0%| F|  |TAMS 0x0000000089a00000, 0x0000000089a00000| Untracked 
| 125|0x0000000089b00000, 0x0000000089b00000, 0x0000000089c00000|  0%| F|  |TAMS 0x0000000089b00000, 0x0000000089b00000| Untracked 
| 126|0x0000000089c00000, 0x0000000089c00000, 0x0000000089d00000|  0%| F|  |TAMS 0x0000000089c00000, 0x0000000089c00000| Untracked 
| 127|0x0000000089d00000, 0x0000000089d00000, 0x0000000089e00000|  0%| F|  |TAMS 0x0000000089d00000, 0x0000000089d00000| Untracked 
| 128|0x0000000089e00000, 0x0000000089e00000, 0x0000000089f00000|  0%| F|  |TAMS 0x0000000089e00000, 0x0000000089e00000| Untracked 
| 129|0x0000000089f00000, 0x0000000089f00000, 0x000000008a000000|  0%| F|  |TAMS 0x0000000089f00000, 0x0000000089f00000| Untracked 
| 130|0x000000008a000000, 0x000000008a000000, 0x000000008a100000|  0%| F|  |TAMS 0x000000008a000000, 0x000000008a000000| Untracked 
| 131|0x000000008a100000, 0x000000008a100000, 0x000000008a200000|  0%| F|  |TAMS 0x000000008a100000, 0x000000008a100000| Untracked 
| 132|0x000000008a200000, 0x000000008a200000, 0x000000008a300000|  0%| F|  |TAMS 0x000000008a200000, 0x000000008a200000| Untracked 
| 133|0x000000008a300000, 0x000000008a300000, 0x000000008a400000|  0%| F|  |TAMS 0x000000008a300000, 0x000000008a300000| Untracked 
| 134|0x000000008a400000, 0x000000008a400000, 0x000000008a500000|  0%| F|  |TAMS 0x000000008a400000, 0x000000008a400000| Untracked 
| 135|0x000000008a500000, 0x000000008a500000, 0x000000008a600000|  0%| F|  |TAMS 0x000000008a500000, 0x000000008a500000| Untracked 
| 136|0x000000008a600000, 0x000000008a665db0, 0x000000008a700000| 39%| S|CS|TAMS 0x000000008a600000, 0x000000008a600000| Complete 
| 137|0x000000008a700000, 0x000000008a800000, 0x000000008a800000|100%| S|CS|TAMS 0x000000008a700000, 0x000000008a700000| Complete 
| 138|0x000000008a800000, 0x000000008a800000, 0x000000008a900000|  0%| F|  |TAMS 0x000000008a800000, 0x000000008a800000| Untracked 
| 139|0x000000008a900000, 0x000000008a900000, 0x000000008aa00000|  0%| F|  |TAMS 0x000000008a900000, 0x000000008a900000| Untracked 
| 140|0x000000008aa00000, 0x000000008aa00000, 0x000000008ab00000|  0%| F|  |TAMS 0x000000008aa00000, 0x000000008aa00000| Untracked 
| 141|0x000000008ab00000, 0x000000008ab00000, 0x000000008ac00000|  0%| F|  |TAMS 0x000000008ab00000, 0x000000008ab00000| Untracked 
| 142|0x000000008ac00000, 0x000000008ac00000, 0x000000008ad00000|  0%| F|  |TAMS 0x000000008ac00000, 0x000000008ac00000| Untracked 
| 143|0x000000008ad00000, 0x000000008ad00000, 0x000000008ae00000|  0%| F|  |TAMS 0x000000008ad00000, 0x000000008ad00000| Untracked 
| 162|0x000000008c000000, 0x000000008c000000, 0x000000008c100000|  0%| F|  |TAMS 0x000000008c000000, 0x000000008c000000| Untracked 
| 163|0x000000008c100000, 0x000000008c100000, 0x000000008c200000|  0%| F|  |TAMS 0x000000008c100000, 0x000000008c100000| Untracked 
| 176|0x000000008ce00000, 0x000000008ce00000, 0x000000008cf00000|  0%| F|  |TAMS 0x000000008ce00000, 0x000000008ce00000| Untracked 
| 214|0x000000008f400000, 0x000000008f400000, 0x000000008f500000|  0%| F|  |TAMS 0x000000008f400000, 0x000000008f400000| Untracked 
|2016|0x00000000ffe00000, 0x00000000ffe00000, 0x00000000fff00000|  0%| F|  |TAMS 0x00000000ffe00000, 0x00000000ffe00000| Untracked 
|2017|0x00000000fff00000, 0x00000000fff00000, 0x0000000100000000|  0%| F|  |TAMS 0x00000000fff00000, 0x00000000fff00000| Untracked 

Card table byte_map: [0x0000020ff1dc0000,0x0000020ff21c0000] _byte_map_base: 0x0000020ff19b1000

Marking Bits (Prev, Next): (CMBitMap*) 0x0000020fedcc0870, (CMBitMap*) 0x0000020fedcc08b0
 Prev Bits: [0x0000020ff25c0000, 0x0000020ff4548000)
 Next Bits: [0x0000020ff4550000, 0x0000020ff64d8000)

Polling page: 0x0000020febbe0000

Metaspace:

Usage:
  Non-class:     65.72 MB capacity,    65.35 MB (>99%) used,   283.32 KB ( <1%) free+waste,    99.50 KB ( <1%) overhead. 
      Class:      9.89 MB capacity,     9.66 MB ( 98%) used,   198.99 KB (  2%) free+waste,    38.38 KB ( <1%) overhead. 
       Both:     75.61 MB capacity,    75.01 MB (>99%) used,   482.31 KB ( <1%) free+waste,   137.88 KB ( <1%) overhead. 

Virtual space:
  Non-class space:       66.00 MB reserved,      66.00 MB (100%) committed 
      Class space:        1.00 GB reserved,      10.00 MB ( <1%) committed 
             Both:        1.06 GB reserved,      76.00 MB (  7%) committed 

Chunk freelists:
   Non-Class:  286.00 KB
       Class:  79.00 KB
        Both:  365.00 KB

MaxMetaspaceSize: 17179869184.00 GB
CompressedClassSpaceSize: 1.00 GB

CodeHeap 'non-profiled nmethods': size=238336Kb used=19767Kb max_used=19767Kb free=218568Kb
 bounds [0x0000020f80740000, 0x0000020f81a90000, 0x0000020f8f000000]
CodeHeap 'non-nmethods': size=7424Kb used=1357Kb max_used=1357Kb free=6066Kb
 bounds [0x0000020f80000000, 0x0000020f80270000, 0x0000020f80740000]
 total_blobs=12594 nmethods=11934 adapters=585
 compilation: enabled
              stopped_count=0, restarted_count=0
 full_count=0

Compilation events (20 events):
Event: 96010.110 Thread 0x0000020ff97b12f0 11936   !   1       jdk.internal.reflect.GeneratedConstructorAccessor71::newInstance (49 bytes)
Event: 96010.110 Thread 0x0000020ff97b12f0 nmethod 11936 0x0000020f81a83f10 code [0x0000020f81a84100, 0x0000020f81a844a8]
Event: 96012.190 Thread 0x0000020ff97b12f0 11937       1       java.net.URI$Parser::scan (23 bytes)
Event: 96012.190 Thread 0x0000020ff97b12f0 nmethod 11937 0x0000020f81a84710 code [0x0000020f81a848c0, 0x0000020f81a84b58]
Event: 96012.226 Thread 0x0000020ff97b12f0 11938       1       java.util.concurrent.ThreadLocalRandom::mix64 (29 bytes)
Event: 96012.227 Thread 0x0000020ff97b12f0 nmethod 11938 0x0000020f81a84d90 code [0x0000020f81a84f20, 0x0000020f81a84ff8]
Event: 96119.716 Thread 0x0000020ff97b12f0 11939       1       jdk.internal.reflect.MethodAccessorGenerator::generate (762 bytes)
Event: 96119.745 Thread 0x0000020ff97b12f0 nmethod 11939 0x0000020f81a85090 code [0x0000020f81a85a20, 0x0000020f81a894a8]
Event: 96119.745 Thread 0x0000020ff97b12f0 11940       1       jdk.internal.reflect.MethodAccessorGenerator::usesPrimitiveTypes (45 bytes)
Event: 96119.746 Thread 0x0000020ff97b12f0 nmethod 11940 0x0000020f81a8be90 code [0x0000020f81a8c020, 0x0000020f81a8c198]
Event: 96119.746 Thread 0x0000020ff97b12f0 11941       1       jdk.internal.reflect.ClassFileAssembler::opc_if_icmpeq (33 bytes)
Event: 96119.748 Thread 0x0000020ff97b12f0 nmethod 11941 0x0000020f81a8c290 code [0x0000020f81a8c480, 0x0000020f81a8c818]
Event: 96119.748 Thread 0x0000020ff97b12f0 11942       1       jdk.internal.reflect.ClassFileAssembler::opc_areturn (12 bytes)
Event: 96119.749 Thread 0x0000020ff97b12f0 nmethod 11942 0x0000020f81a8cb10 code [0x0000020f81a8cca0, 0x0000020f81a8cde8]
Event: 96119.749 Thread 0x0000020ff97b12f0 11943       1       jdk.internal.reflect.ClassDefiner$1::run (5 bytes)
Event: 96119.749 Thread 0x0000020ff97b12f0 nmethod 11943 0x0000020f81a8cf10 code [0x0000020f81a8d0c0, 0x0000020f81a8d258]
Event: 96119.749 Thread 0x0000020ff97b12f0 11944       1       jdk.internal.reflect.ClassDefiner$1::run (12 bytes)
Event: 96119.749 Thread 0x0000020ff97b12f0 nmethod 11944 0x0000020f81a8d390 code [0x0000020f81a8d540, 0x0000020f81a8d6d8]
Event: 96119.749 Thread 0x0000020ff97b12f0 11945       1       jdk.internal.reflect.ClassFileAssembler::emitMagicAndVersion (18 bytes)
Event: 96119.749 Thread 0x0000020ff97b12f0 nmethod 11945 0x0000020f81a8d810 code [0x0000020f81a8da00, 0x0000020f81a8dc68]

GC Heap History (20 events):
Event: 96254.007 GC heap after
{Heap after GC invocations=139783 (full 0):
 garbage-first heap   total 143360K, used 30391K [0x0000000081e00000, 0x0000000100000000)
  region size 1024K, 2 young (2048K), 2 survivors (2048K)
 Metaspace       used 76806K, capacity 77427K, committed 77824K, reserved 1116160K
  class space    used 9891K, capacity 10129K, committed 10240K, reserved 1048576K
}
Event: 96254.076 GC heap before
{Heap before GC invocations=139784 (full 0):
 garbage-first heap   total 143360K, used 41655K [0x0000000081e00000, 0x0000000100000000)
  region size 1024K, 11 young (11264K), 2 survivors (2048K)
 Metaspace       used 76806K, capacity 77427K, committed 77824K, reserved 1116160K
  class space    used 9891K, capacity 10129K, committed 10240K, reserved 1048576K
}
Event: 96254.078 GC heap after
{Heap after GC invocations=139785 (full 0):
 garbage-first heap   total 143360K, used 30389K [0x0000000081e00000, 0x0000000100000000)
  region size 1024K, 2 young (2048K), 2 survivors (2048K)
 Metaspace       used 76806K, capacity 77427K, committed 77824K, reserved 1116160K
  class space    used 9891K, capacity 10129K, committed 10240K, reserved 1048576K
}
Event: 96254.142 GC heap before
{Heap before GC invocations=139786 (full 0):
 garbage-first heap   total 143360K, used 41653K [0x0000000081e00000, 0x0000000100000000)
  region size 1024K, 11 young (11264K), 2 survivors (2048K)
 Metaspace       used 76806K, capacity 77427K, committed 77824K, reserved 1116160K
  class space    used 9891K, capacity 10129K, committed 10240K, reserved 1048576K
}
Event: 96254.144 GC heap after
{Heap after GC invocations=139787 (full 0):
 garbage-first heap   total 172032K, used 30395K [0x0000000081e00000, 0x0000000100000000)
  region size 1024K, 2 young (2048K), 2 survivors (2048K)
 Metaspace       used 76806K, capacity 77427K, committed 77824K, reserved 1116160K
  class space    used 9891K, capacity 10129K, committed 10240K, reserved 1048576K
}
Event: 96254.214 GC heap before
{Heap before GC invocations=139788 (full 0):
 garbage-first heap   total 153600K, used 41659K [0x0000000081e00000, 0x0000000100000000)
  region size 1024K, 11 young (11264K), 2 survivors (2048K)
 Metaspace       used 76806K, capacity 77427K, committed 77824K, reserved 1116160K
  class space    used 9891K, capacity 10129K, committed 10240K, reserved 1048576K
}
Event: 96254.215 GC heap after
{Heap after GC invocations=139789 (full 0):
 garbage-first heap   total 153600K, used 30389K [0x0000000081e00000, 0x0000000100000000)
  region size 1024K, 2 young (2048K), 2 survivors (2048K)
 Metaspace       used 76806K, capacity 77427K, committed 77824K, reserved 1116160K
  class space    used 9891K, capacity 10129K, committed 10240K, reserved 1048576K
}
Event: 96254.292 GC heap before
{Heap before GC invocations=139790 (full 0):
 garbage-first heap   total 153600K, used 44725K [0x0000000081e00000, 0x0000000100000000)
  region size 1024K, 13 young (13312K), 2 survivors (2048K)
 Metaspace       used 76806K, capacity 77427K, committed 77824K, reserved 1116160K
  class space    used 9891K, capacity 10129K, committed 10240K, reserved 1048576K
}
Event: 96254.294 GC heap after
{Heap after GC invocations=139791 (full 0):
 garbage-first heap   total 153600K, used 30395K [0x0000000081e00000, 0x0000000100000000)
  region size 1024K, 2 young (2048K), 2 survivors (2048K)
 Metaspace       used 76806K, capacity 77427K, committed 77824K, reserved 1116160K
  class space    used 9891K, capacity 10129K, committed 10240K, reserved 1048576K
}
Event: 96254.369 GC heap before
{Heap before GC invocations=139792 (full 0):
 garbage-first heap   total 143360K, used 41659K [0x0000000081e00000, 0x0000000100000000)
  region size 1024K, 11 young (11264K), 2 survivors (2048K)
 Metaspace       used 76806K, capacity 77427K, committed 77824K, reserved 1116160K
  class space    used 9891K, capacity 10129K, committed 10240K, reserved 1048576K
}
Event: 96254.371 GC heap after
{Heap after GC invocations=139793 (full 0):
 garbage-first heap   total 143360K, used 30395K [0x0000000081e00000, 0x0000000100000000)
  region size 1024K, 2 young (2048K), 2 survivors (2048K)
 Metaspace       used 76806K, capacity 77427K, committed 77824K, reserved 1116160K
  class space    used 9891K, capacity 10129K, committed 10240K, reserved 1048576K
}
Event: 96254.435 GC heap before
{Heap before GC invocations=139794 (full 0):
 garbage-first heap   total 143360K, used 41659K [0x0000000081e00000, 0x0000000100000000)
  region size 1024K, 11 young (11264K), 2 survivors (2048K)
 Metaspace       used 76806K, capacity 77427K, committed 77824K, reserved 1116160K
  class space    used 9891K, capacity 10129K, committed 10240K, reserved 1048576K
}
Event: 96254.437 GC heap after
{Heap after GC invocations=139795 (full 0):
 garbage-first heap   total 172032K, used 30398K [0x0000000081e00000, 0x0000000100000000)
  region size 1024K, 2 young (2048K), 2 survivors (2048K)
 Metaspace       used 76806K, capacity 77427K, committed 77824K, reserved 1116160K
  class space    used 9891K, capacity 10129K, committed 10240K, reserved 1048576K
}
Event: 96254.513 GC heap before
{Heap before GC invocations=139796 (full 0):
 garbage-first heap   total 157696K, used 41662K [0x0000000081e00000, 0x0000000100000000)
  region size 1024K, 11 young (11264K), 2 survivors (2048K)
 Metaspace       used 76806K, capacity 77427K, committed 77824K, reserved 1116160K
  class space    used 9891K, capacity 10129K, committed 10240K, reserved 1048576K
}
Event: 96254.514 GC heap after
{Heap after GC invocations=139797 (full 0):
 garbage-first heap   total 157696K, used 30392K [0x0000000081e00000, 0x0000000100000000)
  region size 1024K, 2 young (2048K), 2 survivors (2048K)
 Metaspace       used 76806K, capacity 77427K, committed 77824K, reserved 1116160K
  class space    used 9891K, capacity 10129K, committed 10240K, reserved 1048576K
}
Event: 96254.587 GC heap before
{Heap before GC invocations=139798 (full 0):
 garbage-first heap   total 157696K, used 41656K [0x0000000081e00000, 0x0000000100000000)
  region size 1024K, 11 young (11264K), 2 survivors (2048K)
 Metaspace       used 76806K, capacity 77427K, committed 77824K, reserved 1116160K
  class space    used 9891K, capacity 10129K, committed 10240K, reserved 1048576K
}
Event: 96254.589 GC heap after
{Heap after GC invocations=139799 (full 0):
 garbage-first heap   total 157696K, used 30401K [0x0000000081e00000, 0x0000000100000000)
  region size 1024K, 2 young (2048K), 2 survivors (2048K)
 Metaspace       used 76806K, capacity 77427K, committed 77824K, reserved 1116160K
  class space    used 9891K, capacity 10129K, committed 10240K, reserved 1048576K
}
Event: 96254.666 GC heap before
{Heap before GC invocations=139800 (full 0):
 garbage-first heap   total 157696K, used 42689K [0x0000000081e00000, 0x0000000100000000)
  region size 1024K, 12 young (12288K), 2 survivors (2048K)
 Metaspace       used 76806K, capacity 77427K, committed 77824K, reserved 1116160K
  class space    used 9891K, capacity 10129K, committed 10240K, reserved 1048576K
}
Event: 96254.667 GC heap after
{Heap after GC invocations=139801 (full 0):
 garbage-first heap   total 157696K, used 30782K [0x0000000081e00000, 0x0000000100000000)
  region size 1024K, 2 young (2048K), 2 survivors (2048K)
 Metaspace       used 76806K, capacity 77427K, committed 77824K, reserved 1116160K
  class space    used 9891K, capacity 10129K, committed 10240K, reserved 1048576K
}
Event: 96254.729 GC heap before
{Heap before GC invocations=139802 (full 0):
 garbage-first heap   total 153600K, used 43061K [0x0000000081e00000, 0x0000000100000000)
  region size 1024K, 12 young (12288K), 2 survivors (2048K)
 Metaspace       used 76806K, capacity 77427K, committed 77824K, reserved 1116160K
  class space    used 9891K, capacity 10129K, committed 10240K, reserved 1048576K
}

Deoptimization events (6 events):
Event: 6.483 Thread 0x0000020ffafc0bc0 DEOPT PACKING pc=0x0000020f80a469bc sp=0x000000266f4fd030
Event: 6.483 Thread 0x0000020ffafc0bc0 DEOPT UNPACKING pc=0x0000020f8004e23f sp=0x000000266f4fc588 mode 0
Event: 11.123 Thread 0x0000020ffafc0bc0 DEOPT PACKING pc=0x0000020f80a255c2 sp=0x000000266f4f5340
Event: 11.123 Thread 0x0000020ffafc0bc0 DEOPT UNPACKING pc=0x0000020f8004e23f sp=0x000000266f4f4848 mode 3
Event: 148.495 Thread 0x0000020ffb03da80 DEOPT PACKING pc=0x0000020f808810cc sp=0x00000026705fa280
Event: 148.495 Thread 0x0000020ffb03da80 DEOPT UNPACKING pc=0x0000020f8004e23f sp=0x00000026705f97a8 mode 0

Classes unloaded (20 events):
Event: 18004.205 Thread 0x0000020ff976afc0 Unloading class 0x0000000100800040 'jdk/internal/reflect/GeneratedSerializationConstructorAccessor21'
Event: 18004.205 Thread 0x0000020ff976afc0 Unloading class 0x0000000100886440 'jdk/internal/reflect/GeneratedSerializationConstructorAccessor20'
Event: 18004.205 Thread 0x0000020ff976afc0 Unloading class 0x000000010097f040 'java/lang/invoke/LambdaForm$MH+0x000000010097f040'
Event: 18004.205 Thread 0x0000020ff976afc0 Unloading class 0x0000000100147840 'java/lang/invoke/LambdaForm$MH+0x0000000100147840'
Event: 18004.205 Thread 0x0000020ff976afc0 Unloading class 0x000000010042a840 'java/lang/invoke/LambdaForm$MH+0x000000010042a840'
Event: 22610.821 Thread 0x0000020ff976afc0 Unloading class 0x00000001000c9840 'jdk/internal/reflect/GeneratedConstructorAccessor67'
Event: 22610.821 Thread 0x0000020ff976afc0 Unloading class 0x00000001000c8440 'jdk/internal/reflect/GeneratedConstructorAccessor66'
Event: 22610.821 Thread 0x0000020ff976afc0 Unloading class 0x0000000100886c40 'jdk/internal/reflect/GeneratedSerializationConstructorAccessor35'
Event: 22610.821 Thread 0x0000020ff976afc0 Unloading class 0x00000001006de840 'jdk/internal/reflect/GeneratedMethodAccessor140'
Event: 96005.559 Thread 0x0000020ff976afc0 Unloading class 0x000000010042b840 'jdk/internal/reflect/GeneratedConstructorAccessor68'
Event: 96005.561 Thread 0x0000020ff976afc0 Unloading class 0x00000001000ce440 'jdk/internal/reflect/GeneratedSerializationConstructorAccessor34'
Event: 96005.561 Thread 0x0000020ff976afc0 Unloading class 0x0000000100178840 'jdk/internal/reflect/GeneratedSerializationConstructorAccessor33'
Event: 96005.561 Thread 0x0000020ff976afc0 Unloading class 0x00000001006de440 'jdk/internal/reflect/GeneratedSerializationConstructorAccessor32'
Event: 96005.561 Thread 0x0000020ff976afc0 Unloading class 0x00000001006ddc40 'jdk/internal/reflect/GeneratedSerializationConstructorAccessor31'
Event: 96005.561 Thread 0x0000020ff976afc0 Unloading class 0x0000000100883040 'jdk/internal/reflect/GeneratedConstructorAccessor61'
Event: 96005.561 Thread 0x0000020ff976afc0 Unloading class 0x00000001009eb040 'jdk/internal/reflect/GeneratedConstructorAccessor60'
Event: 96010.182 Thread 0x0000020ff976afc0 Unloading class 0x00000001006ddc40 'jdk/internal/reflect/GeneratedConstructorAccessor75'
Event: 96010.182 Thread 0x0000020ff976afc0 Unloading class 0x00000001006de440 'jdk/internal/reflect/GeneratedConstructorAccessor72'
Event: 96010.182 Thread 0x0000020ff976afc0 Unloading class 0x0000000100178840 'jdk/internal/reflect/GeneratedConstructorAccessor73'
Event: 96010.182 Thread 0x0000020ff976afc0 Unloading class 0x000000010042b840 'jdk/internal/reflect/GeneratedConstructorAccessor70'

Classes redefined (0 events):
No events

Internal exceptions (20 events):
Event: 96254.619 Thread 0x0000020ffb041440 Exception <a 'java/net/SocketException'{0x00000000ffefc5a8}: Connection reset by peer: shutdown> (0x00000000ffefc5a8) 
thrown [./open/src/hotspot/share/prims/jni.cpp, line 599]
Event: 96254.626 Thread 0x0000020ffb03c740 Implicit null exception at 0x0000020f8178e2a9 to 0x0000020f8178e71f
Event: 96254.626 Thread 0x0000020ffb03c740 Exception <a 'java/lang/NullPointerException'{0x000000008ce0d270}> (0x000000008ce0d270) 
thrown [./open/src/hotspot/share/runtime/sharedRuntime.cpp, line 585]
Event: 96254.639 Thread 0x0000020ffb03b8d0 Exception <a 'java/net/SocketException'{0x000000008c05f850}: Connection reset by peer: shutdown> (0x000000008c05f850) 
thrown [./open/src/hotspot/share/prims/jni.cpp, line 599]
Event: 96254.646 Thread 0x0000020ffb03bda0 Implicit null exception at 0x0000020f8178e2a9 to 0x0000020f8178e71f
Event: 96254.646 Thread 0x0000020ffb03bda0 Exception <a 'java/lang/NullPointerException'{0x000000008c0c1be0}> (0x000000008c0c1be0) 
thrown [./open/src/hotspot/share/runtime/sharedRuntime.cpp, line 585]
Event: 96254.657 Thread 0x0000020ffb03a0c0 Exception <a 'java/net/SocketException'{0x000000008b1ded88}: Connection reset by peer: shutdown> (0x000000008b1ded88) 
thrown [./open/src/hotspot/share/prims/jni.cpp, line 599]
Event: 96254.663 Thread 0x0000020ffb03da80 Implicit null exception at 0x0000020f8178e2a9 to 0x0000020f8178e71f
Event: 96254.663 Thread 0x0000020ffb03da80 Exception <a 'java/lang/NullPointerException'{0x000000008b1f4790}> (0x000000008b1f4790) 
thrown [./open/src/hotspot/share/runtime/sharedRuntime.cpp, line 585]
Event: 96254.677 Thread 0x0000020ffb041910 Exception <a 'java/net/SocketException'{0x00000000fffe45f0}: Connection reset by peer: shutdown> (0x00000000fffe45f0) 
thrown [./open/src/hotspot/share/prims/jni.cpp, line 599]
Event: 96254.682 Thread 0x0000020ffbc49540 Implicit null exception at 0x0000020f8178e2a9 to 0x0000020f8178e71f
Event: 96254.682 Thread 0x0000020ffbc49540 Exception <a 'java/lang/NullPointerException'{0x00000000ffe10ca8}> (0x00000000ffe10ca8) 
thrown [./open/src/hotspot/share/runtime/sharedRuntime.cpp, line 585]
Event: 96254.691 Thread 0x0000020ffb03e8f0 Exception <a 'java/net/SocketException'{0x000000008f4fba80}: Connection reset by peer: shutdown> (0x000000008f4fba80) 
thrown [./open/src/hotspot/share/prims/jni.cpp, line 599]
Event: 96254.696 Thread 0x0000020ffb03e420 Implicit null exception at 0x0000020f8178e2a9 to 0x0000020f8178e71f
Event: 96254.696 Thread 0x0000020ffb03e420 Exception <a 'java/lang/NullPointerException'{0x000000008ce70168}> (0x000000008ce70168) 
thrown [./open/src/hotspot/share/runtime/sharedRuntime.cpp, line 585]
Event: 96254.713 Thread 0x0000020ffb041440 Implicit null exception at 0x0000020f8178e2a9 to 0x0000020f8178e71f
Event: 96254.713 Thread 0x0000020ffb041440 Exception <a 'java/lang/NullPointerException'{0x000000008ced0108}> (0x000000008ced0108) 
thrown [./open/src/hotspot/share/runtime/sharedRuntime.cpp, line 585]
Event: 96254.723 Thread 0x0000020ffb03c740 Exception <a 'java/net/SocketException'{0x000000008c0ded40}: Connection reset by peer: shutdown> (0x000000008c0ded40) 
thrown [./open/src/hotspot/share/prims/jni.cpp, line 599]
Event: 96254.726 Thread 0x0000020ffb03b8d0 Implicit null exception at 0x0000020f8178e2a9 to 0x0000020f8178e71f
Event: 96254.726 Thread 0x0000020ffb03b8d0 Exception <a 'java/lang/NullPointerException'{0x000000008abcd628}> (0x000000008abcd628) 
thrown [./open/src/hotspot/share/runtime/sharedRuntime.cpp, line 585]

Events (20 events):
Event: 96254.508 Executing VM operation: G1Concurrent done
Event: 96254.513 Executing VM operation: G1TryInitiateConcMark
Event: 96254.515 Executing VM operation: G1TryInitiateConcMark done
Event: 96254.551 Executing VM operation: G1Concurrent
Event: 96254.554 Executing VM operation: G1Concurrent done
Event: 96254.578 Executing VM operation: G1Concurrent
Event: 96254.579 Executing VM operation: G1Concurrent done
Event: 96254.587 Executing VM operation: G1TryInitiateConcMark
Event: 96254.589 Executing VM operation: G1TryInitiateConcMark done
Event: 96254.631 Executing VM operation: G1Concurrent
Event: 96254.635 Executing VM operation: G1Concurrent done
Event: 96254.658 Executing VM operation: G1Concurrent
Event: 96254.659 Executing VM operation: G1Concurrent done
Event: 96254.666 Executing VM operation: G1TryInitiateConcMark
Event: 96254.668 Executing VM operation: G1TryInitiateConcMark done
Event: 96254.701 Executing VM operation: G1Concurrent
Event: 96254.705 Executing VM operation: G1Concurrent done
Event: 96254.728 Executing VM operation: G1Concurrent
Event: 96254.728 Executing VM operation: G1Concurrent done
Event: 96254.729 Executing VM operation: G1TryInitiateConcMark


Dynamic libraries:
0x00007ff7898e0000 - 0x00007ff7898ed000 	C:\Users\Cirine\Desktop\ENV JAVA\sts-4.9.0.RELEASE\plugins\org.eclipse.justj.openjdk.hotspot.jre.full.win32.x86_64_15.0.1.v20201027-0507\jre\bin\javaw.exe
0x00007ffe3de50000 - 0x00007ffe3e045000 	C:\Windows\SYSTEM32\ntdll.dll
0x00007ffe3c900000 - 0x00007ffe3c9be000 	C:\Windows\System32\KERNEL32.DLL
0x00007ffe3b570000 - 0x00007ffe3b838000 	C:\Windows\System32\KERNELBASE.dll
0x00007ffe3b870000 - 0x00007ffe3b970000 	C:\Windows\System32\ucrtbase.dll
0x00007ffdcfe00000 - 0x00007ffdcfe18000 	C:\Users\Cirine\Desktop\ENV JAVA\sts-4.9.0.RELEASE\plugins\org.eclipse.justj.openjdk.hotspot.jre.full.win32.x86_64_15.0.1.v20201027-0507\jre\bin\jli.dll
0x00007ffe3cde0000 - 0x00007ffe3cf80000 	C:\Windows\System32\USER32.dll
0x00007ffe3b840000 - 0x00007ffe3b862000 	C:\Windows\System32\win32u.dll
0x00007ffe3bf80000 - 0x00007ffe3bfab000 	C:\Windows\System32\GDI32.dll
0x00007ffe3bad0000 - 0x00007ffe3bbdb000 	C:\Windows\System32\gdi32full.dll
0x00007ffe3be10000 - 0x00007ffe3bead000 	C:\Windows\System32\msvcp_win.dll
0x00007ffdcf530000 - 0x00007ffdcf549000 	C:\Users\Cirine\Desktop\ENV JAVA\sts-4.9.0.RELEASE\plugins\org.eclipse.justj.openjdk.hotspot.jre.full.win32.x86_64_15.0.1.v20201027-0507\jre\bin\VCRUNTIME140.dll
0x00007ffe28b90000 - 0x00007ffe28e2a000 	C:\Windows\WinSxS\amd64_microsoft.windows.common-controls_6595b64144ccf1df_6.0.19041.1110_none_60b5254171f9507e\COMCTL32.dll
0x00007ffe3bed0000 - 0x00007ffe3bf6e000 	C:\Windows\System32\msvcrt.dll
0x00007ffe3c0a0000 - 0x00007ffe3c0d0000 	C:\Windows\System32\IMM32.DLL
0x00007ffe1e520000 - 0x00007ffe1e52c000 	C:\Users\Cirine\Desktop\ENV JAVA\sts-4.9.0.RELEASE\plugins\org.eclipse.justj.openjdk.hotspot.jre.full.win32.x86_64_15.0.1.v20201027-0507\jre\bin\vcruntime140_1.dll
0x00007ffdc6e00000 - 0x00007ffdc6e91000 	C:\Users\Cirine\Desktop\ENV JAVA\sts-4.9.0.RELEASE\plugins\org.eclipse.justj.openjdk.hotspot.jre.full.win32.x86_64_15.0.1.v20201027-0507\jre\bin\msvcp140.dll
0x00007ffdd19a0000 - 0x00007ffdd24fe000 	C:\Users\Cirine\Desktop\ENV JAVA\sts-4.9.0.RELEASE\plugins\org.eclipse.justj.openjdk.hotspot.jre.full.win32.x86_64_15.0.1.v20201027-0507\jre\bin\server\jvm.dll
0x00007ffe3ccd0000 - 0x00007ffe3cd7e000 	C:\Windows\System32\ADVAPI32.dll
0x00007ffe3dbd0000 - 0x00007ffe3dc6c000 	C:\Windows\System32\sechost.dll
0x00007ffe3c1a0000 - 0x00007ffe3c2c5000 	C:\Windows\System32\RPCRT4.dll
0x00007ffe3bf70000 - 0x00007ffe3bf78000 	C:\Windows\System32\PSAPI.DLL
0x00007ffe24fb0000 - 0x00007ffe24fb9000 	C:\Windows\SYSTEM32\WSOCK32.dll
0x00007ffe3c3f0000 - 0x00007ffe3c45b000 	C:\Windows\System32\WS2_32.dll
0x00007ffe36920000 - 0x00007ffe36947000 	C:\Windows\SYSTEM32\WINMM.dll
0x00007ffe34410000 - 0x00007ffe3441a000 	C:\Windows\SYSTEM32\VERSION.dll
0x00007ffe39dd0000 - 0x00007ffe39de2000 	C:\Windows\SYSTEM32\kernel.appcore.dll
0x00007ffe24cc0000 - 0x00007ffe24cca000 	C:\Users\Cirine\Desktop\ENV JAVA\sts-4.9.0.RELEASE\plugins\org.eclipse.justj.openjdk.hotspot.jre.full.win32.x86_64_15.0.1.v20201027-0507\jre\bin\jimage.dll
0x00007ffe391f0000 - 0x00007ffe393d4000 	C:\Windows\SYSTEM32\DBGHELP.DLL
0x00007ffe22900000 - 0x00007ffe2292c000 	C:\Windows\SYSTEM32\dbgcore.DLL
0x00007ffe3bbe0000 - 0x00007ffe3bc62000 	C:\Windows\System32\bcryptPrimitives.dll
0x00007ffe02ff0000 - 0x00007ffe03015000 	C:\Users\Cirine\Desktop\ENV JAVA\sts-4.9.0.RELEASE\plugins\org.eclipse.justj.openjdk.hotspot.jre.full.win32.x86_64_15.0.1.v20201027-0507\jre\bin\java.dll
0x00007ffe112e0000 - 0x00007ffe112f8000 	C:\Users\Cirine\Desktop\ENV JAVA\sts-4.9.0.RELEASE\plugins\org.eclipse.justj.openjdk.hotspot.jre.full.win32.x86_64_15.0.1.v20201027-0507\jre\bin\zip.dll
0x00007ffe3d470000 - 0x00007ffe3dbb4000 	C:\Windows\System32\SHELL32.dll
0x00007ffe39620000 - 0x00007ffe39db4000 	C:\Windows\SYSTEM32\windows.storage.dll
0x00007ffe3c540000 - 0x00007ffe3c894000 	C:\Windows\System32\combase.dll
0x00007ffe3aef0000 - 0x00007ffe3af1c000 	C:\Windows\SYSTEM32\Wldp.dll
0x00007ffe3cc20000 - 0x00007ffe3cccd000 	C:\Windows\System32\SHCORE.dll
0x00007ffe3c8a0000 - 0x00007ffe3c8f5000 	C:\Windows\System32\shlwapi.dll
0x00007ffe3b4b0000 - 0x00007ffe3b4cf000 	C:\Windows\SYSTEM32\profapi.dll
0x00007ffe10ee0000 - 0x00007ffe10ef9000 	C:\Users\Cirine\Desktop\ENV JAVA\sts-4.9.0.RELEASE\plugins\org.eclipse.justj.openjdk.hotspot.jre.full.win32.x86_64_15.0.1.v20201027-0507\jre\bin\net.dll
0x00007ffe306c0000 - 0x00007ffe307c9000 	C:\Windows\SYSTEM32\WINHTTP.dll
0x00007ffe3acd0000 - 0x00007ffe3ad3a000 	C:\Windows\system32\mswsock.dll
0x00007ffe0da60000 - 0x00007ffe0da72000 	C:\Users\Cirine\Desktop\ENV JAVA\sts-4.9.0.RELEASE\plugins\org.eclipse.justj.openjdk.hotspot.jre.full.win32.x86_64_15.0.1.v20201027-0507\jre\bin\nio.dll
0x00007ffe1e3e0000 - 0x00007ffe1e3e9000 	C:\Users\Cirine\Desktop\ENV JAVA\sts-4.9.0.RELEASE\plugins\org.eclipse.justj.openjdk.hotspot.jre.full.win32.x86_64_15.0.1.v20201027-0507\jre\bin\management.dll
0x00007ffe1e270000 - 0x00007ffe1e27b000 	C:\Users\Cirine\Desktop\ENV JAVA\sts-4.9.0.RELEASE\plugins\org.eclipse.justj.openjdk.hotspot.jre.full.win32.x86_64_15.0.1.v20201027-0507\jre\bin\management_ext.dll
0x00007ffe18cf0000 - 0x00007ffe18d07000 	C:\Windows\system32\napinsp.dll
0x00007ffe18cd0000 - 0x00007ffe18ceb000 	C:\Windows\system32\pnrpnsp.dll
0x00007ffe18cb0000 - 0x00007ffe18cc5000 	C:\Windows\system32\wshbth.dll
0x00007ffe368e0000 - 0x00007ffe368fd000 	C:\Windows\system32\NLAapi.dll
0x00007ffe3a990000 - 0x00007ffe3a9cb000 	C:\Windows\SYSTEM32\IPHLPAPI.DLL
0x00007ffe3a9d0000 - 0x00007ffe3aa9a000 	C:\Windows\SYSTEM32\DNSAPI.dll
0x00007ffe3dda0000 - 0x00007ffe3dda8000 	C:\Windows\System32\NSI.dll
0x00007ffe18a00000 - 0x00007ffe18a12000 	C:\Windows\System32\winrnr.dll
0x00007ffe30610000 - 0x00007ffe3061a000 	C:\Windows\System32\rasadhlp.dll
0x00007ffe2a5c0000 - 0x00007ffe2a63f000 	C:\Windows\System32\fwpuclnt.dll
0x00007ffe3bd90000 - 0x00007ffe3bdb7000 	C:\Windows\System32\bcrypt.dll
0x00007ffe3af30000 - 0x00007ffe3af48000 	C:\Windows\SYSTEM32\CRYPTSP.dll
0x00007ffe3a600000 - 0x00007ffe3a634000 	C:\Windows\system32\rsaenh.dll
0x00007ffe3b470000 - 0x00007ffe3b49e000 	C:\Windows\SYSTEM32\USERENV.dll
0x00007ffe3ae60000 - 0x00007ffe3ae6c000 	C:\Windows\SYSTEM32\CRYPTBASE.dll
0x00007ffe32500000 - 0x00007ffe32517000 	C:\Windows\SYSTEM32\dhcpcsvc6.DLL
0x00007ffe324a0000 - 0x00007ffe324bd000 	C:\Windows\SYSTEM32\dhcpcsvc.DLL
0x00007ffe335a0000 - 0x00007ffe335b0000 	C:\Users\Cirine\Desktop\ENV JAVA\sts-4.9.0.RELEASE\plugins\org.eclipse.justj.openjdk.hotspot.jre.full.win32.x86_64_15.0.1.v20201027-0507\jre\bin\verify.dll
0x00007ffe1e610000 - 0x00007ffe1e61d000 	C:\Users\Cirine\Desktop\ENV JAVA\sts-4.9.0.RELEASE\plugins\org.eclipse.justj.openjdk.hotspot.jre.full.win32.x86_64_15.0.1.v20201027-0507\jre\bin\sunmscapi.dll
0x00007ffe3b970000 - 0x00007ffe3bac6000 	C:\Windows\System32\CRYPT32.dll
0x00007ffe3b040000 - 0x00007ffe3b067000 	C:\Windows\SYSTEM32\ncrypt.dll
0x00007ffe3b000000 - 0x00007ffe3b03b000 	C:\Windows\SYSTEM32\NTASN1.dll

dbghelp: loaded successfully - version: 4.0.5 - missing functions: none
symbol engine: initialized successfully - sym options: 0x614 - pdb path: .;C:\Users\Cirine\Desktop\ENV JAVA\sts-4.9.0.RELEASE\plugins\org.eclipse.justj.openjdk.hotspot.jre.full.win32.x86_64_15.0.1.v20201027-0507\jre\bin;C:\Windows\SYSTEM32;C:\Windows\WinSxS\amd64_microsoft.windows.common-controls_6595b64144ccf1df_6.0.19041.1110_none_60b5254171f9507e;C:\Users\Cirine\Desktop\ENV JAVA\sts-4.9.0.RELEASE\plugins\org.eclipse.justj.openjdk.hotspot.jre.full.win32.x86_64_15.0.1.v20201027-0507\jre\bin\server

VM Arguments:
jvm_args: -Dcom.sun.management.jmxremote -Dcom.sun.management.jmxremote.port=56028 -Dcom.sun.management.jmxremote.authenticate=false -Dcom.sun.management.jmxremote.ssl=false -Djava.rmi.server.hostname=localhost -Dspring.jmx.enabled=true -Dspring.application.admin.enabled=true -XX:TieredStopAtLevel=1 -Dspring.boot.project.name=BackPfe -Dfile.encoding=UTF-8 -XX:+ShowCodeDetailsInExceptionMessages 
java_command: com.pfe.back.BackPfe.BackPfeApplication --spring.output.ansi.enabled=always
java_class_path (initial): C:\Users\Cirine\Desktop\BackendPfe-master\BackendPfe-master\target\classes;C:\Users\Cirine\.m2\repository\org\springframework\boot\spring-boot-starter-data-jpa\2.6.4\spring-boot-starter-data-jpa-2.6.4.jar;C:\Users\Cirine\.m2\repository\org\springframework\boot\spring-boot-starter-aop\2.6.4\spring-boot-starter-aop-2.6.4.jar;C:\Users\Cirine\.m2\repository\org\aspectj\aspectjweaver\1.9.7\aspectjweaver-1.9.7.jar;C:\Users\Cirine\.m2\repository\org\springframework\boot\spring-boot-starter-jdbc\2.6.4\spring-boot-starter-jdbc-2.6.4.jar;C:\Users\Cirine\.m2\repository\com\zaxxer\HikariCP\4.0.3\HikariCP-4.0.3.jar;C:\Users\Cirine\.m2\repository\org\springframework\spring-jdbc\5.3.16\spring-jdbc-5.3.16.jar;C:\Users\Cirine\.m2\repository\jakarta\transaction\jakarta.transaction-api\1.3.3\jakarta.transaction-api-1.3.3.jar;C:\Users\Cirine\.m2\repository\jakarta\persistence\jakarta.persistence-api\2.2.3\jakarta.persistence-api-2.2.3.jar;C:\Users\Cirine\.m2\repository\org\hibernate\hibernate-core\5.6.5.Final\hibernate-core-5.6.5.Final.jar;C:\Users\Cirine\.m2\repository\org\jboss\logging\jboss-logging\3.4.3.Final\jboss-logging-3.4.3.Final.jar;C:\Users\Cirine\.m2\repository\net\bytebuddy\byte-buddy\1.11.22\byte-buddy-1.11.22.jar;C:\Users\Cirine\.m2\repository\antlr\antlr\2.7.7\antlr-2.7.7.jar;C:\Users\Cirine\.m2\repository\org\jboss\jandex\2.4.2.Final\jandex-2.4.2.Final.jar;C:\Users\Cirine\.m2\repository\com\fasterxml\classmate\1.5.1\classmate-1.5.1.jar;C:\Users\Cirine\.m2\repository\org\hibernate\common\hibernate-commons-annotations\5.1.2.Final\hibernate-commons-annotations-5.1.2.Final.jar;C:\Users\Cirine\.m2\repository\org\glassfish\jaxb\jaxb-runtime\2.3.6\jaxb-runtime-2.3.6.jar;C:\Users\Cirine\.m2\repository\org\glassfish\jaxb\txw2\2.3.6\txw2-2.3.6.jar;C:\Users\Cirine\.m2\repository\com\sun\istack\istack-commons-runtime\3.0.12\istack-commons-runtime-3.0.12.jar;C:\Users\Cirine\.m2\repository\org\springframework\data\spring-data-jpa\2.6.2\spring-data-jpa-2.
Launcher Type: SUN_STANDARD

[Global flags]
     intx CICompilerCount                          = 4                                         {product} {ergonomic}
     uint ConcGCThreads                            = 2                                         {product} {ergonomic}
     uint G1ConcRefinementThreads                  = 8                                         {product} {ergonomic}
   size_t G1HeapRegionSize                         = 1048576                                   {product} {ergonomic}
    uintx GCDrainStackTargetSize                   = 64                                        {product} {ergonomic}
   size_t InitialHeapSize                          = 134217728                                 {product} {ergonomic}
     bool ManagementServer                         = true                                      {product} {command line}
   size_t MarkStackSize                            = 4194304                                   {product} {ergonomic}
   size_t MaxHeapSize                              = 2116026368                                {product} {ergonomic}
   size_t MaxNewSize                               = 1268776960                                {product} {ergonomic}
   size_t MinHeapDeltaBytes                        = 1048576                                   {product} {ergonomic}
   size_t MinHeapSize                              = 8388608                                   {product} {ergonomic}
    uintx NonNMethodCodeHeapSize                   = 7549744                                {pd product} {ergonomic}
    uintx NonProfiledCodeHeapSize                  = 244108496                              {pd product} {ergonomic}
    uintx ProfiledCodeHeapSize                     = 0                                      {pd product} {ergonomic}
    uintx ReservedCodeCacheSize                    = 251658240                              {pd product} {ergonomic}
     bool SegmentedCodeCache                       = true                                      {product} {ergonomic}
     bool ShowCodeDetailsInExceptionMessages       = true                                   {manageable} {command line}
   size_t SoftMaxHeapSize                          = 2116026368                             {manageable} {ergonomic}
     intx TieredStopAtLevel                        = 1                                         {product} {command line}
     bool UseCompressedClassPointers               = true                                 {lp64_product} {ergonomic}
     bool UseCompressedOops                        = true                                 {lp64_product} {ergonomic}
     bool UseG1GC                                  = true                                      {product} {ergonomic}
     bool UseLargePagesIndividualAllocation        = false                                  {pd product} {ergonomic}

Logging:
Log output configuration:
 #0: stdout all=warning uptime,level,tags
 #1: stderr all=off uptime,level,tags

Environment Variables:
PATH=C:/Users/Cirine/Desktop/ENV JAVA/sts-4.9.0.RELEASE//plugins/org.eclipse.justj.openjdk.hotspot.jre.full.win32.x86_64_15.0.1.v20201027-0507/jre/bin/server;C:/Users/Cirine/Desktop/ENV JAVA/sts-4.9.0.RELEASE//plugins/org.eclipse.justj.openjdk.hotspot.jre.full.win32.x86_64_15.0.1.v20201027-0507/jre/bin;C:\Program Files (x86)\Common Files\Oracle\Java\javapath;C:\Windows\system32;C:\Windows;C:\Windows\System32\Wbem;C:\Windows\System32\WindowsPowerShell\v1.0\;C:\Windows\System32\OpenSSH\;C:\Program Files\Docker\Docker\resources\bin;C:\ProgramData\DockerDesktop\version-bin;C:\Program Files\Git\cmd;C:\Program Files\node\nodejs\;C:\Program Files\MySQL\MySQL Shell 8.0\bin\;C:\Users\Cirine\AppData\Local\Microsoft\WindowsApps;C:\Users\Cirine\AppData\Local\Programs\Microsoft VS Code\bin;C:\Users\Cirine\AppData\Local\GitHubDesktop\bin;C:\ProgramData\Cirine\GitHubDesktop\bin;C:\Users\Cirine\AppData\Roaming\npm;C:\Users\Cirine\Desktop\ENV JAVA\sts-4.9.0.RELEASE;
USERNAME=Cirine
OS=Windows_NT
PROCESSOR_IDENTIFIER=Intel64 Family 6 Model 142 Stepping 12, GenuineIntel



---------------  S Y S T E M  ---------------

OS:
 Windows 10 , 64 bit Build 19041 (10.0.19041.1566)
OS uptime: 3 days 19:26 hours
HyperV virtualization detected

CPU: total 8 (initial active 8) (4 cores per cpu, 2 threads per core) family 6 model 142 stepping 12 microcode 0xb8, cmov, cx8, fxsr, mmx, sse, sse2, sse3, ssse3, sse4.1, sse4.2, popcnt, vzeroupper, avx, avx2, aes, clmul, erms, 3dnowpref, lzcnt, ht, tsc, tscinvbit, bmi1, bmi2, adx, fma, clflush, clflushopt

Memory: 4k page, system-wide physical 8071M (1334M free)
TotalPageFile size 32647M (AvailPageFile size 4M)
current process WorkingSet (physical memory assigned to process): 192M, peak: 373M
current process commit charge ("private bytes"): 360M, peak: 714M

vm_info: OpenJDK 64-Bit Server VM (15.0.1+9-18) for windows-amd64 JRE (15.0.1+9-18), built on Sep 15 2020 14:39:31 by "mach5one" with unknown MS VC++:1925

END.
