#
# There is insufficient memory for the Java Runtime Environment to continue.
# Native memory allocation (mmap) failed to map 1048576 bytes for G1 virtual space
# Possible reasons:
#   The system is out of physical RAM or swap space
#   The process is running with CompressedOops enabled, and the Java Heap may be blocking the growth of the native heap
# Possible solutions:
#   Reduce memory load on the system
#   Increase physical memory or swap space
#   Check if swap backing store is full
#   Decrease Java heap size (-Xmx/-Xms)
#   Decrease number of Java threads
#   Decrease Java thread stack sizes (-Xss)
#   Set larger code cache with -XX:ReservedCodeCacheSize=
#   JVM is running with Unscaled Compressed Oops mode in which the Java heap is
#     placed in the first 4GB address space. The Java Heap base address is the
#     maximum limit for the native heap growth. Please use -XX:HeapBaseMinAddress
#     to set the Java Heap base and to place the Java Heap above 4GB virtual address.
# This output file may be truncated or incomplete.
#
#  Out of Memory Error (./open/src/hotspot/os/windows/os_windows.cpp:3472), pid=16972, tid=6960
#
# JRE version: OpenJDK Runtime Environment (15.0.1+9) (build 15.0.1+9-18)
# Java VM: OpenJDK 64-Bit Server VM (15.0.1+9-18, mixed mode, tiered, compressed oops, g1 gc, windows-amd64)
# No core dump will be written. Minidumps are not enabled by default on client versions of Windows
#

---------------  S U M M A R Y ------------

Command Line: -Dcom.sun.management.jmxremote -Dcom.sun.management.jmxremote.port=60030 -Dcom.sun.management.jmxremote.authenticate=false -Dcom.sun.management.jmxremote.ssl=false -Djava.rmi.server.hostname=localhost -Dspring.jmx.enabled=true -Dspring.application.admin.enabled=true -XX:TieredStopAtLevel=1 -Dspring.boot.project.name=BackPfe -Dfile.encoding=UTF-8 -XX:+ShowCodeDetailsInExceptionMessages com.pfe.back.BackPfe.BackPfeApplication --spring.output.ansi.enabled=always

Host: Intel(R) Core(TM) i5-8265U CPU @ 1.60GHz, 8 cores, 7G,  Windows 10 , 64 bit Build 19041 (10.0.19041.1566)
Time: Sat Apr  2 18:04:05 2022 Paris, Madrid (heure d’été) elapsed time: 2043.616858 seconds (0d 0h 34m 3s)

---------------  T H R E A D  ---------------

Current thread (0x0000021d023f2570):  GCTaskThread "GC Thread#5" [stack: 0x0000005fb3700000,0x0000005fb3800000] [id=6960]

Stack: [0x0000005fb3700000,0x0000005fb3800000]
[error occurred during error reporting (printing stack bounds), id 0xc0000005, EXCEPTION_ACCESS_VIOLATION (0xc0000005) at pc=0x0000021d6a6a10ad]

Native frames: (J=compiled Java code, j=interpreted, Vv=VM code, C=native code)
V  [jvm.dll+0x62ae9a]
V  [jvm.dll+0x781389]
V  [jvm.dll+0x782ae3]
V  [jvm.dll+0x7830a5]
V  [jvm.dll+0x78305b]
V  [jvm.dll+0x62a2b9]
V  [jvm.dll+0x62aa88]
C  [ntdll.dll+0xa20cf]
C  [ntdll.dll+0x51454]
C  [ntdll.dll+0xa0bfe]
C  0x0000021d6a6a10ad


---------------  P R O C E S S  ---------------

Threads class SMR info:
_java_thread_list=0x0000021d061c96e0, length=35, elements={
0x0000021d7ef6d260, 0x0000021d7ef6dd40, 0x0000021d7f797ec0, 0x0000021d7f798780,
0x0000021d7f799040, 0x0000021d7f799900, 0x0000021d7f8074f0, 0x0000021d7ef025c0,
0x0000021d7f98cdf0, 0x0000021d02371420, 0x0000021d02355360, 0x0000021d023b35a0,
0x0000021d03145a10, 0x0000021d03145ee0, 0x0000021d030dcc40, 0x0000021d0323ed40,
0x0000021d03241d60, 0x0000021d0323e870, 0x0000021d0323f6e0, 0x0000021d03240ef0,
0x0000021d03242700, 0x0000021d0323f210, 0x0000021d0323e3a0, 0x0000021d032430a0,
0x0000021d0323fbb0, 0x0000021d03240080, 0x0000021d032448b0, 0x0000021d03243570,
0x0000021d0323d530, 0x0000021d0323da00, 0x0000021d02576df0, 0x0000021d0257d300,
0x0000021d02579470, 0x0000021d0257d7d0, 0x0000021d025772c0
}

Java Threads: ( => current thread )
  0x0000021d7ef6d260 JavaThread "Reference Handler" daemon [_thread_blocked, id=25768, stack(0x0000005fb1c00000,0x0000005fb1d00000)]
  0x0000021d7ef6dd40 JavaThread "Finalizer" daemon [_thread_blocked, id=8960, stack(0x0000005fb1d00000,0x0000005fb1e00000)]
  0x0000021d7f797ec0 JavaThread "Signal Dispatcher" daemon [_thread_blocked, id=15720, stack(0x0000005fb1e00000,0x0000005fb1f00000)]
  0x0000021d7f798780 JavaThread "Attach Listener" daemon [_thread_blocked, id=12664, stack(0x0000005fb1f00000,0x0000005fb2000000)]
  0x0000021d7f799040 JavaThread "Service Thread" daemon [_thread_blocked, id=22820, stack(0x0000005fb2000000,0x0000005fb2100000)]
  0x0000021d7f799900 JavaThread "C1 CompilerThread0" daemon [_thread_blocked, id=26180, stack(0x0000005fb2100000,0x0000005fb2200000)]
  0x0000021d7f8074f0 JavaThread "Sweeper thread" daemon [_thread_blocked, id=1140, stack(0x0000005fb2200000,0x0000005fb2300000)]
  0x0000021d7ef025c0 JavaThread "Common-Cleaner" daemon [_thread_blocked, id=24112, stack(0x0000005fb2300000,0x0000005fb2400000)]
  0x0000021d7f98cdf0 JavaThread "Notification Thread" daemon [_thread_blocked, id=26644, stack(0x0000005fb2400000,0x0000005fb2500000)]
  0x0000021d02371420 JavaThread "RMI TCP Accept-0" daemon [_thread_in_native, id=17300, stack(0x0000005fb2500000,0x0000005fb2600000)]
  0x0000021d02355360 JavaThread "RMI TCP Accept-60030" daemon [_thread_in_native, id=12948, stack(0x0000005fb2600000,0x0000005fb2700000)]
  0x0000021d023b35a0 JavaThread "RMI TCP Accept-0" daemon [_thread_in_native, id=14876, stack(0x0000005fb2700000,0x0000005fb2800000)]
  0x0000021d03145a10 JavaThread "RMI Scheduler(0)" daemon [_thread_blocked, id=27412, stack(0x0000005fb3100000,0x0000005fb3200000)]
  0x0000021d03145ee0 JavaThread "RMI TCP Connection(43)-127.0.0.1" daemon [_thread_in_native, id=22540, stack(0x0000005fb3200000,0x0000005fb3300000)]
  0x0000021d030dcc40 JavaThread "JMX server connection timeout 24" daemon [_thread_blocked, id=1100, stack(0x0000005fb3300000,0x0000005fb3400000)]
  0x0000021d0323ed40 JavaThread "Catalina-utility-1" [_thread_blocked, id=20312, stack(0x0000005fb3400000,0x0000005fb3500000)]
  0x0000021d03241d60 JavaThread "Catalina-utility-2" [_thread_blocked, id=22396, stack(0x0000005fb3b00000,0x0000005fb3c00000)]
  0x0000021d0323e870 JavaThread "container-0" [_thread_blocked, id=19208, stack(0x0000005fb3c00000,0x0000005fb3d00000)]
  0x0000021d0323f6e0 JavaThread "mysql-cj-abandoned-connection-cleanup" daemon [_thread_blocked, id=25576, stack(0x0000005fb3d00000,0x0000005fb3e00000)]
  0x0000021d03240ef0 JavaThread "HikariPool-1 housekeeper" daemon [_thread_blocked, id=10376, stack(0x0000005fb3f00000,0x0000005fb4000000)]
  0x0000021d03242700 JavaThread "File Watcher" daemon [_thread_blocked, id=9576, stack(0x0000005fb4100000,0x0000005fb4200000)]
  0x0000021d0323f210 JavaThread "Live Reload Server" daemon [_thread_in_native, id=23596, stack(0x0000005fb4200000,0x0000005fb4300000)]
  0x0000021d0323e3a0 JavaThread "http-nio-8080-exec-1" daemon [_thread_blocked, id=11912, stack(0x0000005fb4300000,0x0000005fb4400000)]
  0x0000021d032430a0 JavaThread "http-nio-8080-exec-2" daemon [_thread_blocked, id=18972, stack(0x0000005fb4400000,0x0000005fb4500000)]
  0x0000021d0323fbb0 JavaThread "http-nio-8080-exec-3" daemon [_thread_blocked, id=9232, stack(0x0000005fb4500000,0x0000005fb4600000)]
  0x0000021d03240080 JavaThread "http-nio-8080-exec-4" daemon [_thread_blocked, id=24412, stack(0x0000005fb4600000,0x0000005fb4700000)]
  0x0000021d032448b0 JavaThread "http-nio-8080-exec-5" daemon [_thread_blocked, id=13320, stack(0x0000005fb4700000,0x0000005fb4800000)]
  0x0000021d03243570 JavaThread "http-nio-8080-exec-6" daemon [_thread_blocked, id=7580, stack(0x0000005fb4800000,0x0000005fb4900000)]
  0x0000021d0323d530 JavaThread "http-nio-8080-exec-7" daemon [_thread_blocked, id=8648, stack(0x0000005fb4900000,0x0000005fb4a00000)]
  0x0000021d0323da00 JavaThread "http-nio-8080-exec-8" daemon [_thread_blocked, id=27452, stack(0x0000005fb4a00000,0x0000005fb4b00000)]
  0x0000021d02576df0 JavaThread "http-nio-8080-exec-9" daemon [_thread_blocked, id=15164, stack(0x0000005fb4b00000,0x0000005fb4c00000)]
  0x0000021d0257d300 JavaThread "http-nio-8080-exec-10" daemon [_thread_blocked, id=2728, stack(0x0000005fb4c00000,0x0000005fb4d00000)]
  0x0000021d02579470 JavaThread "http-nio-8080-Poller" daemon [_thread_blocked, id=7632, stack(0x0000005fb4d00000,0x0000005fb4e00000)]
  0x0000021d0257d7d0 JavaThread "http-nio-8080-Acceptor" daemon [_thread_in_native, id=12996, stack(0x0000005fb4e00000,0x0000005fb4f00000)]
  0x0000021d025772c0 JavaThread "DestroyJavaVM" [_thread_blocked, id=20712, stack(0x0000005fb1500000,0x0000005fb1600000)]

Other Threads:
  0x0000021d7f78b840 VMThread "VM Thread" [stack: 0x0000005fb1b00000,0x0000005fb1c00000] [id=19756]
  0x0000021d66c90e00 WatcherThread [stack: 0x0000005fb2800000,0x0000005fb2900000] [id=32]
  0x0000021d66cd12c0 GCTaskThread "GC Thread#0" [stack: 0x0000005fb1600000,0x0000005fb1700000] [id=10880]
  0x0000021d023f4880 GCTaskThread "GC Thread#1" [stack: 0x0000005fb2900000,0x0000005fb2a00000] [id=9552]
  0x0000021d023f2240 GCTaskThread "GC Thread#2" [stack: 0x0000005fb2a00000,0x0000005fb2b00000] [id=8448]
  0x0000021d023f1250 GCTaskThread "GC Thread#3" [stack: 0x0000005fb3500000,0x0000005fb3600000] [id=24516]
  0x0000021d023f28a0 GCTaskThread "GC Thread#4" [stack: 0x0000005fb3600000,0x0000005fb3700000] [id=25012]
=>0x0000021d023f2570 GCTaskThread "GC Thread#5" [stack: 0x0000005fb3700000,0x0000005fb3800000] [id=6960]
  0x0000021d023f4220 GCTaskThread "GC Thread#6" [stack: 0x0000005fb3800000,0x0000005fb3900000] [id=10328]
  0x0000021d023f2bd0 GCTaskThread "GC Thread#7" [stack: 0x0000005fb3900000,0x0000005fb3a00000] [id=25324]
  0x0000021d66ce25c0 ConcurrentGCThread "G1 Main Marker" [stack: 0x0000005fb1700000,0x0000005fb1800000] [id=6736]
  0x0000021d66ce2e80 ConcurrentGCThread "G1 Conc#0" [stack: 0x0000005fb1800000,0x0000005fb1900000] [id=13940]
  0x0000021d023f2f00 ConcurrentGCThread "G1 Conc#1" [stack: 0x0000005fb3a00000,0x0000005fb3b00000] [id=9312]
  0x0000021d66d5e8a0 ConcurrentGCThread "G1 Refine#0" [stack: 0x0000005fb1900000,0x0000005fb1a00000] [id=18984]
  0x0000021d0240d240 ConcurrentGCThread "G1 Refine#1" [stack: 0x0000005fb2b00000,0x0000005fb2c00000] [id=23272]
  0x0000021d0240d5a0 ConcurrentGCThread "G1 Refine#2" [stack: 0x0000005fb2c00000,0x0000005fb2d00000] [id=22756]
  0x0000021d0240d900 ConcurrentGCThread "G1 Refine#3" [stack: 0x0000005fb2d00000,0x0000005fb2e00000] [id=9948]
  0x0000021d7ed92490 ConcurrentGCThread "G1 Young RemSet Sampling" [stack: 0x0000005fb1a00000,0x0000005fb1b00000] [id=6116]

Threads with active compile tasks:

VM state: at safepoint (normal execution)

VM Mutex/Monitor currently owned by a thread:  ([mutex/lock_event])
[0x0000021d66c89900] FreeList_lock - owner thread: 0x0000021d023f2570
[0x0000021d66c8b140] Threads_lock - owner thread: 0x0000021d7f78b840
[0x0000021d66c8b2f0] Heap_lock - owner thread: 0x0000021d0323d530

Heap address: 0x0000000081e00000, size: 2018 MB, Compressed Oops mode: 32-bit
CDS disabled.
Compressed class space mapped at: 0x0000000100000000-0x0000000140000000, size: 1073741824
Narrow klass base: 0x0000000000000000, Narrow klass shift: 3, Narrow klass range: 0x140000000

GC Precious Log:
 CPUs: 8 total, 8 available
 Memory: 8071M
 Large Page Support: Disabled
 NUMA Support: Disabled
 Compressed Oops: Enabled (32-bit)
 Heap Region Size: 1M
 Heap Min Capacity: 8M
 Heap Initial Capacity: 128M
 Heap Max Capacity: 2018M
 Pre-touch: Disabled
 Parallel Workers: 8
 Concurrent Workers: 2
 Concurrent Refinement Workers: 8
 Periodic GC: Disabled

Heap:
 garbage-first heap   total 323584K, used 316603K [0x0000000081e00000, 0x0000000100000000)
  region size 1024K, 190 young (194560K), 2 survivors (2048K)
 Metaspace       used 76947K, capacity 77766K, committed 77824K, reserved 1116160K
  class space    used 9933K, capacity 10190K, committed 10240K, reserved 1048576K

Heap Regions: E=young(eden), S=young(survivor), O=old, HS=humongous(starts), HC=humongous(continues), CS=collection set, F=free, OA=open archive, CA=closed archive, TAMS=top-at-mark-start (previous, next)
|   0|0x0000000081e00000, 0x0000000081f00000, 0x0000000081f00000|100%|HS|  |TAMS 0x0000000081f00000, 0x0000000081e00000| Complete 
|   1|0x0000000081f00000, 0x0000000082000000, 0x0000000082000000|100%| O|  |TAMS 0x0000000082000000, 0x0000000081f00000| Untracked 
|   2|0x0000000082000000, 0x0000000082100000, 0x0000000082100000|100%| O|  |TAMS 0x0000000082100000, 0x0000000082000000| Untracked 
|   3|0x0000000082100000, 0x0000000082200000, 0x0000000082200000|100%| O|  |TAMS 0x0000000082200000, 0x0000000082100000| Untracked 
|   4|0x0000000082200000, 0x0000000082300000, 0x0000000082300000|100%| O|  |TAMS 0x0000000082300000, 0x0000000082200000| Untracked 
|   5|0x0000000082300000, 0x0000000082400000, 0x0000000082400000|100%| O|  |TAMS 0x0000000082400000, 0x0000000082300000| Untracked 
|   6|0x0000000082400000, 0x0000000082500000, 0x0000000082500000|100%| O|  |TAMS 0x0000000082500000, 0x0000000082400000| Untracked 
|   7|0x0000000082500000, 0x0000000082537800, 0x0000000082600000| 21%| O|  |TAMS 0x0000000082537800, 0x0000000082500000| Untracked 
|   8|0x0000000082600000, 0x0000000082700000, 0x0000000082700000|100%| O|  |TAMS 0x0000000082700000, 0x0000000082600000| Untracked 
|   9|0x0000000082700000, 0x0000000082800000, 0x0000000082800000|100%| O|  |TAMS 0x0000000082800000, 0x0000000082700000| Untracked 
|  10|0x0000000082800000, 0x0000000082900000, 0x0000000082900000|100%| O|  |TAMS 0x0000000082900000, 0x0000000082800000| Untracked 
|  11|0x0000000082900000, 0x0000000082a00000, 0x0000000082a00000|100%| O|  |TAMS 0x0000000082a00000, 0x0000000082900000| Untracked 
|  12|0x0000000082a00000, 0x0000000082b00000, 0x0000000082b00000|100%| O|  |TAMS 0x0000000082b00000, 0x0000000082a00000| Untracked 
|  13|0x0000000082b00000, 0x0000000082c00000, 0x0000000082c00000|100%| O|  |TAMS 0x0000000082c00000, 0x0000000082b00000| Untracked 
|  14|0x0000000082c00000, 0x0000000082d00000, 0x0000000082d00000|100%| O|  |TAMS 0x0000000082d00000, 0x0000000082c00000| Untracked 
|  15|0x0000000082d00000, 0x0000000082e00000, 0x0000000082e00000|100%| O|  |TAMS 0x0000000082e00000, 0x0000000082d00000| Untracked 
|  16|0x0000000082e00000, 0x0000000082f00000, 0x0000000082f00000|100%| O|  |TAMS 0x0000000082f00000, 0x0000000082e00000| Untracked 
|  17|0x0000000082f00000, 0x0000000083000000, 0x0000000083000000|100%| O|  |TAMS 0x0000000083000000, 0x0000000082f00000| Untracked 
|  18|0x0000000083000000, 0x0000000083100000, 0x0000000083100000|100%| O|  |TAMS 0x0000000083100000, 0x0000000083000000| Untracked 
|  19|0x0000000083100000, 0x0000000083200000, 0x0000000083200000|100%| O|  |TAMS 0x0000000083200000, 0x0000000083100000| Untracked 
|  20|0x0000000083200000, 0x0000000083300000, 0x0000000083300000|100%| O|  |TAMS 0x0000000083300000, 0x0000000083200000| Untracked 
|  21|0x0000000083300000, 0x0000000083400000, 0x0000000083400000|100%| O|  |TAMS 0x0000000083400000, 0x0000000083300000| Untracked 
|  22|0x0000000083400000, 0x0000000083500000, 0x0000000083500000|100%| O|  |TAMS 0x0000000083500000, 0x0000000083400000| Untracked 
|  23|0x0000000083500000, 0x0000000083600000, 0x0000000083600000|100%| O|  |TAMS 0x0000000083600000, 0x0000000083500000| Untracked 
|  24|0x0000000083600000, 0x0000000083700000, 0x0000000083700000|100%| O|  |TAMS 0x0000000083700000, 0x0000000083600000| Untracked 
|  25|0x0000000083700000, 0x0000000083800000, 0x0000000083800000|100%| O|  |TAMS 0x0000000083800000, 0x0000000083700000| Untracked 
|  26|0x0000000083800000, 0x0000000083900000, 0x0000000083900000|100%| O|  |TAMS 0x0000000083900000, 0x0000000083800000| Untracked 
|  27|0x0000000083900000, 0x0000000083a00000, 0x0000000083a00000|100%| O|  |TAMS 0x0000000083a00000, 0x0000000083900000| Untracked 
|  28|0x0000000083a00000, 0x0000000083b00000, 0x0000000083b00000|100%| O|  |TAMS 0x0000000083b00000, 0x0000000083a00000| Untracked 
|  29|0x0000000083b00000, 0x0000000083c00000, 0x0000000083c00000|100%| O|  |TAMS 0x0000000083c00000, 0x0000000083b00000| Untracked 
|  30|0x0000000083c00000, 0x0000000083d00000, 0x0000000083d00000|100%|HS|  |TAMS 0x0000000083c00000, 0x0000000083c00000| Complete 
|  31|0x0000000083d00000, 0x0000000083e00000, 0x0000000083e00000|100%|HS|  |TAMS 0x0000000083d00000, 0x0000000083d00000| Complete 
|  32|0x0000000083e00000, 0x0000000083f00000, 0x0000000083f00000|100%|HS|  |TAMS 0x0000000083e00000, 0x0000000083e00000| Complete 
|  33|0x0000000083f00000, 0x0000000084000000, 0x0000000084000000|100%|HS|  |TAMS 0x0000000083f00000, 0x0000000083f00000| Complete 
|  34|0x0000000084000000, 0x0000000084100000, 0x0000000084100000|100%|HS|  |TAMS 0x0000000084000000, 0x0000000084000000| Complete 
|  35|0x0000000084100000, 0x0000000084200000, 0x0000000084200000|100%|HS|  |TAMS 0x0000000084100000, 0x0000000084100000| Complete 
|  36|0x0000000084200000, 0x0000000084300000, 0x0000000084300000|100%|HS|  |TAMS 0x0000000084200000, 0x0000000084200000| Complete 
|  37|0x0000000084300000, 0x0000000084400000, 0x0000000084400000|100%|HS|  |TAMS 0x0000000084300000, 0x0000000084300000| Complete 
|  38|0x0000000084400000, 0x0000000084500000, 0x0000000084500000|100%|HS|  |TAMS 0x0000000084400000, 0x0000000084400000| Complete 
|  39|0x0000000084500000, 0x0000000084600000, 0x0000000084600000|100%|HS|  |TAMS 0x0000000084500000, 0x0000000084500000| Complete 
|  40|0x0000000084600000, 0x0000000084700000, 0x0000000084700000|100%|HS|  |TAMS 0x0000000084600000, 0x0000000084600000| Complete 
|  41|0x0000000084700000, 0x0000000084800000, 0x0000000084800000|100%|HS|  |TAMS 0x0000000084700000, 0x0000000084700000| Complete 
|  42|0x0000000084800000, 0x0000000084900000, 0x0000000084900000|100%|HS|  |TAMS 0x0000000084800000, 0x0000000084800000| Complete 
|  43|0x0000000084900000, 0x0000000084a00000, 0x0000000084a00000|100%|HS|  |TAMS 0x0000000084900000, 0x0000000084900000| Complete 
|  44|0x0000000084a00000, 0x0000000084b00000, 0x0000000084b00000|100%|HS|  |TAMS 0x0000000084a00000, 0x0000000084a00000| Complete 
|  45|0x0000000084b00000, 0x0000000084c00000, 0x0000000084c00000|100%|HS|  |TAMS 0x0000000084b00000, 0x0000000084b00000| Complete 
|  46|0x0000000084c00000, 0x0000000084d00000, 0x0000000084d00000|100%|HS|  |TAMS 0x0000000084c00000, 0x0000000084c00000| Complete 
|  47|0x0000000084d00000, 0x0000000084e00000, 0x0000000084e00000|100%|HS|  |TAMS 0x0000000084d00000, 0x0000000084d00000| Complete 
|  48|0x0000000084e00000, 0x0000000084f00000, 0x0000000084f00000|100%|HS|  |TAMS 0x0000000084e00000, 0x0000000084e00000| Complete 
|  49|0x0000000084f00000, 0x0000000085000000, 0x0000000085000000|100%|HS|  |TAMS 0x0000000084f00000, 0x0000000084f00000| Complete 
|  50|0x0000000085000000, 0x0000000085100000, 0x0000000085100000|100%|HS|  |TAMS 0x0000000085000000, 0x0000000085000000| Complete 
|  51|0x0000000085100000, 0x0000000085200000, 0x0000000085200000|100%|HS|  |TAMS 0x0000000085100000, 0x0000000085100000| Complete 
|  52|0x0000000085200000, 0x0000000085300000, 0x0000000085300000|100%|HS|  |TAMS 0x0000000085200000, 0x0000000085200000| Complete 
|  53|0x0000000085300000, 0x0000000085400000, 0x0000000085400000|100%|HS|  |TAMS 0x0000000085300000, 0x0000000085300000| Complete 
|  54|0x0000000085400000, 0x0000000085500000, 0x0000000085500000|100%|HS|  |TAMS 0x0000000085400000, 0x0000000085400000| Complete 
|  55|0x0000000085500000, 0x0000000085600000, 0x0000000085600000|100%|HS|  |TAMS 0x0000000085500000, 0x0000000085500000| Complete 
|  56|0x0000000085600000, 0x0000000085700000, 0x0000000085700000|100%|HS|  |TAMS 0x0000000085600000, 0x0000000085600000| Complete 
|  57|0x0000000085700000, 0x0000000085800000, 0x0000000085800000|100%|HS|  |TAMS 0x0000000085700000, 0x0000000085700000| Complete 
|  58|0x0000000085800000, 0x0000000085803a00, 0x0000000085900000|  1%| O|  |TAMS 0x0000000085803a00, 0x0000000085800000| Untracked 
|  59|0x0000000085900000, 0x0000000085a00000, 0x0000000085a00000|100%|HS|  |TAMS 0x0000000085900000, 0x0000000085900000| Complete 
|  60|0x0000000085a00000, 0x0000000085b00000, 0x0000000085b00000|100%|HS|  |TAMS 0x0000000085a00000, 0x0000000085a00000| Complete 
|  61|0x0000000085b00000, 0x0000000085c00000, 0x0000000085c00000|100%|HS|  |TAMS 0x0000000085b00000, 0x0000000085b00000| Complete 
|  62|0x0000000085c00000, 0x0000000085d00000, 0x0000000085d00000|100%|HS|  |TAMS 0x0000000085c00000, 0x0000000085c00000| Complete 
|  63|0x0000000085d00000, 0x0000000085e00000, 0x0000000085e00000|100%|HS|  |TAMS 0x0000000085d00000, 0x0000000085d00000| Complete 
|  64|0x0000000085e00000, 0x0000000085f00000, 0x0000000085f00000|100%|HS|  |TAMS 0x0000000085e00000, 0x0000000085e00000| Complete 
|  65|0x0000000085f00000, 0x0000000086000000, 0x0000000086000000|100%|HS|  |TAMS 0x0000000085f00000, 0x0000000085f00000| Complete 
|  66|0x0000000086000000, 0x0000000086100000, 0x0000000086100000|100%|HS|  |TAMS 0x0000000086000000, 0x0000000086000000| Complete 
|  67|0x0000000086100000, 0x0000000086200000, 0x0000000086200000|100%|HS|  |TAMS 0x0000000086100000, 0x0000000086100000| Complete 
|  68|0x0000000086200000, 0x0000000086300000, 0x0000000086300000|100%|HS|  |TAMS 0x0000000086200000, 0x0000000086200000| Complete 
|  69|0x0000000086300000, 0x0000000086400000, 0x0000000086400000|100%|HS|  |TAMS 0x0000000086300000, 0x0000000086300000| Complete 
|  70|0x0000000086400000, 0x0000000086500000, 0x0000000086500000|100%|HS|  |TAMS 0x0000000086400000, 0x0000000086400000| Complete 
|  71|0x0000000086500000, 0x0000000086600000, 0x0000000086600000|100%|HS|  |TAMS 0x0000000086500000, 0x0000000086500000| Complete 
|  72|0x0000000086600000, 0x0000000086700000, 0x0000000086700000|100%|HS|  |TAMS 0x0000000086600000, 0x0000000086600000| Complete 
|  73|0x0000000086700000, 0x0000000086800000, 0x0000000086800000|100%|HS|  |TAMS 0x0000000086700000, 0x0000000086700000| Complete 
|  74|0x0000000086800000, 0x0000000086900000, 0x0000000086900000|100%|HS|  |TAMS 0x0000000086800000, 0x0000000086800000| Complete 
|  75|0x0000000086900000, 0x0000000086a00000, 0x0000000086a00000|100%|HS|  |TAMS 0x0000000086900000, 0x0000000086900000| Complete 
|  76|0x0000000086a00000, 0x0000000086b00000, 0x0000000086b00000|100%|HS|  |TAMS 0x0000000086a00000, 0x0000000086a00000| Complete 
|  77|0x0000000086b00000, 0x0000000086c00000, 0x0000000086c00000|100%|HS|  |TAMS 0x0000000086b00000, 0x0000000086b00000| Complete 
|  78|0x0000000086c00000, 0x0000000086d00000, 0x0000000086d00000|100%|HS|  |TAMS 0x0000000086c00000, 0x0000000086c00000| Complete 
|  79|0x0000000086d00000, 0x0000000086e00000, 0x0000000086e00000|100%|HS|  |TAMS 0x0000000086d00000, 0x0000000086d00000| Complete 
|  80|0x0000000086e00000, 0x0000000086f00000, 0x0000000086f00000|100%|HS|  |TAMS 0x0000000086e00000, 0x0000000086e00000| Complete 
|  81|0x0000000086f00000, 0x0000000087000000, 0x0000000087000000|100%|HS|  |TAMS 0x0000000086f00000, 0x0000000086f00000| Complete 
|  82|0x0000000087000000, 0x0000000087100000, 0x0000000087100000|100%|HS|  |TAMS 0x0000000087000000, 0x0000000087000000| Complete 
|  83|0x0000000087100000, 0x0000000087200000, 0x0000000087200000|100%|HS|  |TAMS 0x0000000087100000, 0x0000000087100000| Complete 
|  84|0x0000000087200000, 0x0000000087300000, 0x0000000087300000|100%|HS|  |TAMS 0x0000000087200000, 0x0000000087200000| Complete 
|  85|0x0000000087300000, 0x0000000087400000, 0x0000000087400000|100%|HS|  |TAMS 0x0000000087300000, 0x0000000087300000| Complete 
|  86|0x0000000087400000, 0x0000000087500000, 0x0000000087500000|100%|HS|  |TAMS 0x0000000087400000, 0x0000000087400000| Complete 
|  87|0x0000000087500000, 0x0000000087600000, 0x0000000087600000|100%|HS|  |TAMS 0x0000000087500000, 0x0000000087500000| Complete 
|  88|0x0000000087600000, 0x0000000087700000, 0x0000000087700000|100%|HS|  |TAMS 0x0000000087600000, 0x0000000087600000| Complete 
|  89|0x0000000087700000, 0x0000000087800000, 0x0000000087800000|100%|HS|  |TAMS 0x0000000087700000, 0x0000000087700000| Complete 
|  90|0x0000000087800000, 0x0000000087900000, 0x0000000087900000|100%|HS|  |TAMS 0x0000000087800000, 0x0000000087800000| Complete 
|  91|0x0000000087900000, 0x0000000087a00000, 0x0000000087a00000|100%|HS|  |TAMS 0x0000000087900000, 0x0000000087900000| Complete 
|  92|0x0000000087a00000, 0x0000000087b00000, 0x0000000087b00000|100%|HS|  |TAMS 0x0000000087a00000, 0x0000000087a00000| Complete 
|  93|0x0000000087b00000, 0x0000000087c00000, 0x0000000087c00000|100%|HS|  |TAMS 0x0000000087b00000, 0x0000000087b00000| Complete 
|  94|0x0000000087c00000, 0x0000000087d00000, 0x0000000087d00000|100%|HS|  |TAMS 0x0000000087c00000, 0x0000000087c00000| Complete 
|  95|0x0000000087d00000, 0x0000000087e00000, 0x0000000087e00000|100%|HS|  |TAMS 0x0000000087d00000, 0x0000000087d00000| Complete 
|  96|0x0000000087e00000, 0x0000000087f00000, 0x0000000087f00000|100%|HS|  |TAMS 0x0000000087e00000, 0x0000000087e00000| Complete 
|  97|0x0000000087f00000, 0x0000000088000000, 0x0000000088000000|100%|HS|  |TAMS 0x0000000087f00000, 0x0000000087f00000| Complete 
|  98|0x0000000088000000, 0x0000000088100000, 0x0000000088100000|100%|HS|  |TAMS 0x0000000088000000, 0x0000000088000000| Complete 
|  99|0x0000000088100000, 0x0000000088200000, 0x0000000088200000|100%|HS|  |TAMS 0x0000000088100000, 0x0000000088100000| Complete 
| 100|0x0000000088200000, 0x0000000088300000, 0x0000000088300000|100%|HS|  |TAMS 0x0000000088200000, 0x0000000088200000| Complete 
| 101|0x0000000088300000, 0x0000000088400000, 0x0000000088400000|100%|HS|  |TAMS 0x0000000088300000, 0x0000000088300000| Complete 
| 102|0x0000000088400000, 0x0000000088500000, 0x0000000088500000|100%|HS|  |TAMS 0x0000000088400000, 0x0000000088400000| Complete 
| 103|0x0000000088500000, 0x0000000088600000, 0x0000000088600000|100%|HS|  |TAMS 0x0000000088500000, 0x0000000088500000| Complete 
| 104|0x0000000088600000, 0x0000000088700000, 0x0000000088700000|100%|HS|  |TAMS 0x0000000088600000, 0x0000000088600000| Complete 
| 105|0x0000000088700000, 0x0000000088800000, 0x0000000088800000|100%|HS|  |TAMS 0x0000000088700000, 0x0000000088700000| Complete 
| 106|0x0000000088800000, 0x0000000088900000, 0x0000000088900000|100%|HS|  |TAMS 0x0000000088800000, 0x0000000088800000| Complete 
| 107|0x0000000088900000, 0x0000000088a00000, 0x0000000088a00000|100%|HS|  |TAMS 0x0000000088900000, 0x0000000088900000| Complete 
| 108|0x0000000088a00000, 0x0000000088b00000, 0x0000000088b00000|100%|HS|  |TAMS 0x0000000088a00000, 0x0000000088a00000| Complete 
| 109|0x0000000088b00000, 0x0000000088c00000, 0x0000000088c00000|100%|HS|  |TAMS 0x0000000088b00000, 0x0000000088b00000| Complete 
| 110|0x0000000088c00000, 0x0000000088d00000, 0x0000000088d00000|100%|HS|  |TAMS 0x0000000088c00000, 0x0000000088c00000| Complete 
| 111|0x0000000088d00000, 0x0000000088e00000, 0x0000000088e00000|100%|HS|  |TAMS 0x0000000088d00000, 0x0000000088d00000| Complete 
| 112|0x0000000088e00000, 0x0000000088f00000, 0x0000000088f00000|100%|HS|  |TAMS 0x0000000088e00000, 0x0000000088e00000| Complete 
| 113|0x0000000088f00000, 0x0000000089000000, 0x0000000089000000|100%|HS|  |TAMS 0x0000000088f00000, 0x0000000088f00000| Complete 
| 114|0x0000000089000000, 0x0000000089100000, 0x0000000089100000|100%|HS|  |TAMS 0x0000000089000000, 0x0000000089000000| Complete 
| 115|0x0000000089100000, 0x0000000089200000, 0x0000000089200000|100%|HS|  |TAMS 0x0000000089100000, 0x0000000089100000| Complete 
| 116|0x0000000089200000, 0x0000000089300000, 0x0000000089300000|100%|HS|  |TAMS 0x0000000089200000, 0x0000000089200000| Complete 
| 117|0x0000000089300000, 0x0000000089400000, 0x0000000089400000|100%|HS|  |TAMS 0x0000000089300000, 0x0000000089300000| Complete 
| 118|0x0000000089400000, 0x0000000089500000, 0x0000000089500000|100%| S|  |TAMS 0x0000000089400000, 0x0000000089400000| Complete 
| 119|0x0000000089500000, 0x00000000895111c0, 0x0000000089600000|  6%| E|CS|TAMS 0x0000000089500000, 0x0000000089500000| Complete 
| 120|0x0000000089600000, 0x0000000089604200, 0x0000000089700000|  1%| O|  |TAMS 0x0000000089600000, 0x0000000089600000| Untracked 
| 121|0x0000000089700000, 0x0000000089800000, 0x0000000089800000|100%| S|  |TAMS 0x0000000089700000, 0x0000000089700000| Complete 
| 122|0x0000000089800000, 0x0000000089900000, 0x0000000089900000|100%| E|CS|TAMS 0x0000000089800000, 0x0000000089800000| Complete 
| 123|0x0000000089900000, 0x00000000899de9e8, 0x0000000089a00000| 86%| E|CS|TAMS 0x0000000089900000, 0x0000000089900000| Complete 
| 124|0x0000000089a00000, 0x0000000089b00000, 0x0000000089b00000|100%| E|CS|TAMS 0x0000000089a00000, 0x0000000089a00000| Complete 
| 125|0x0000000089b00000, 0x0000000089c00000, 0x0000000089c00000|100%| E|CS|TAMS 0x0000000089b00000, 0x0000000089b00000| Complete 
| 126|0x0000000089c00000, 0x0000000089d00000, 0x0000000089d00000|100%| E|CS|TAMS 0x0000000089c00000, 0x0000000089c00000| Complete 
| 127|0x0000000089d00000, 0x0000000089e00000, 0x0000000089e00000|100%| E|CS|TAMS 0x0000000089d00000, 0x0000000089d00000| Complete 
| 128|0x0000000089e00000, 0x0000000089f00000, 0x0000000089f00000|100%| E|CS|TAMS 0x0000000089e00000, 0x0000000089e00000| Complete 
| 129|0x0000000089f00000, 0x000000008a000000, 0x000000008a000000|100%| E|CS|TAMS 0x0000000089f00000, 0x0000000089f00000| Complete 
| 130|0x000000008a000000, 0x000000008a100000, 0x000000008a100000|100%| E|CS|TAMS 0x000000008a000000, 0x000000008a000000| Complete 
| 131|0x000000008a100000, 0x000000008a200000, 0x000000008a200000|100%| E|CS|TAMS 0x000000008a100000, 0x000000008a100000| Complete 
| 132|0x000000008a200000, 0x000000008a300000, 0x000000008a300000|100%| E|CS|TAMS 0x000000008a200000, 0x000000008a200000| Complete 
| 133|0x000000008a300000, 0x000000008a400000, 0x000000008a400000|100%| E|CS|TAMS 0x000000008a300000, 0x000000008a300000| Complete 
| 134|0x000000008a400000, 0x000000008a500000, 0x000000008a500000|100%| E|CS|TAMS 0x000000008a400000, 0x000000008a400000| Complete 
| 135|0x000000008a500000, 0x000000008a600000, 0x000000008a600000|100%| E|CS|TAMS 0x000000008a500000, 0x000000008a500000| Complete 
| 136|0x000000008a600000, 0x000000008a700000, 0x000000008a700000|100%| E|CS|TAMS 0x000000008a600000, 0x000000008a600000| Complete 
| 137|0x000000008a700000, 0x000000008a800000, 0x000000008a800000|100%| E|CS|TAMS 0x000000008a700000, 0x000000008a700000| Complete 
| 138|0x000000008a800000, 0x000000008a900000, 0x000000008a900000|100%| E|CS|TAMS 0x000000008a800000, 0x000000008a800000| Complete 
| 139|0x000000008a900000, 0x000000008aa00000, 0x000000008aa00000|100%| E|CS|TAMS 0x000000008a900000, 0x000000008a900000| Complete 
| 140|0x000000008aa00000, 0x000000008ab00000, 0x000000008ab00000|100%| E|CS|TAMS 0x000000008aa00000, 0x000000008aa00000| Complete 
| 141|0x000000008ab00000, 0x000000008ac00000, 0x000000008ac00000|100%| E|CS|TAMS 0x000000008ab00000, 0x000000008ab00000| Complete 
| 142|0x000000008ac00000, 0x000000008ad00000, 0x000000008ad00000|100%| E|CS|TAMS 0x000000008ac00000, 0x000000008ac00000| Complete 
| 143|0x000000008ad00000, 0x000000008ae00000, 0x000000008ae00000|100%| E|CS|TAMS 0x000000008ad00000, 0x000000008ad00000| Complete 
| 144|0x000000008ae00000, 0x000000008af00000, 0x000000008af00000|100%| E|CS|TAMS 0x000000008ae00000, 0x000000008ae00000| Complete 
| 145|0x000000008af00000, 0x000000008b000000, 0x000000008b000000|100%| E|CS|TAMS 0x000000008af00000, 0x000000008af00000| Complete 
| 146|0x000000008b000000, 0x000000008b100000, 0x000000008b100000|100%| E|CS|TAMS 0x000000008b000000, 0x000000008b000000| Complete 
| 147|0x000000008b100000, 0x000000008b200000, 0x000000008b200000|100%| E|CS|TAMS 0x000000008b100000, 0x000000008b100000| Complete 
| 148|0x000000008b200000, 0x000000008b300000, 0x000000008b300000|100%| E|CS|TAMS 0x000000008b200000, 0x000000008b200000| Complete 
| 149|0x000000008b300000, 0x000000008b400000, 0x000000008b400000|100%| E|CS|TAMS 0x000000008b300000, 0x000000008b300000| Complete 
| 150|0x000000008b400000, 0x000000008b500000, 0x000000008b500000|100%| E|CS|TAMS 0x000000008b400000, 0x000000008b400000| Complete 
| 151|0x000000008b500000, 0x000000008b600000, 0x000000008b600000|100%| E|CS|TAMS 0x000000008b500000, 0x000000008b500000| Complete 
| 152|0x000000008b600000, 0x000000008b700000, 0x000000008b700000|100%| E|CS|TAMS 0x000000008b600000, 0x000000008b600000| Complete 
| 153|0x000000008b700000, 0x000000008b800000, 0x000000008b800000|100%| E|CS|TAMS 0x000000008b700000, 0x000000008b700000| Complete 
| 154|0x000000008b800000, 0x000000008b900000, 0x000000008b900000|100%| E|CS|TAMS 0x000000008b800000, 0x000000008b800000| Complete 
| 155|0x000000008b900000, 0x000000008ba00000, 0x000000008ba00000|100%| E|CS|TAMS 0x000000008b900000, 0x000000008b900000| Complete 
| 156|0x000000008ba00000, 0x000000008bb00000, 0x000000008bb00000|100%| E|CS|TAMS 0x000000008ba00000, 0x000000008ba00000| Complete 
| 157|0x000000008bb00000, 0x000000008bc00000, 0x000000008bc00000|100%| E|CS|TAMS 0x000000008bb00000, 0x000000008bb00000| Complete 
| 158|0x000000008bc00000, 0x000000008bd00000, 0x000000008bd00000|100%| E|CS|TAMS 0x000000008bc00000, 0x000000008bc00000| Complete 
| 159|0x000000008bd00000, 0x000000008be00000, 0x000000008be00000|100%| E|CS|TAMS 0x000000008bd00000, 0x000000008bd00000| Complete 
| 160|0x000000008be00000, 0x000000008bf00000, 0x000000008bf00000|100%| E|CS|TAMS 0x000000008be00000, 0x000000008be00000| Complete 
| 161|0x000000008bf00000, 0x000000008c000000, 0x000000008c000000|100%| E|CS|TAMS 0x000000008bf00000, 0x000000008bf00000| Complete 
| 162|0x000000008c000000, 0x000000008c100000, 0x000000008c100000|100%| E|CS|TAMS 0x000000008c000000, 0x000000008c000000| Complete 
| 163|0x000000008c100000, 0x000000008c200000, 0x000000008c200000|100%| E|CS|TAMS 0x000000008c100000, 0x000000008c100000| Complete 
| 164|0x000000008c200000, 0x000000008c300000, 0x000000008c300000|100%| E|CS|TAMS 0x000000008c200000, 0x000000008c200000| Complete 
| 165|0x000000008c300000, 0x000000008c400000, 0x000000008c400000|100%| E|CS|TAMS 0x000000008c300000, 0x000000008c300000| Complete 
| 166|0x000000008c400000, 0x000000008c500000, 0x000000008c500000|100%| E|CS|TAMS 0x000000008c400000, 0x000000008c400000| Complete 
| 167|0x000000008c500000, 0x000000008c600000, 0x000000008c600000|100%| E|CS|TAMS 0x000000008c500000, 0x000000008c500000| Complete 
| 168|0x000000008c600000, 0x000000008c700000, 0x000000008c700000|100%| E|CS|TAMS 0x000000008c600000, 0x000000008c600000| Complete 
| 169|0x000000008c700000, 0x000000008c800000, 0x000000008c800000|100%| E|CS|TAMS 0x000000008c700000, 0x000000008c700000| Complete 
| 170|0x000000008c800000, 0x000000008c900000, 0x000000008c900000|100%| E|CS|TAMS 0x000000008c800000, 0x000000008c800000| Complete 
| 171|0x000000008c900000, 0x000000008ca00000, 0x000000008ca00000|100%| E|CS|TAMS 0x000000008c900000, 0x000000008c900000| Complete 
| 172|0x000000008ca00000, 0x000000008cb00000, 0x000000008cb00000|100%| E|CS|TAMS 0x000000008ca00000, 0x000000008ca00000| Complete 
| 173|0x000000008cb00000, 0x000000008cc00000, 0x000000008cc00000|100%| E|CS|TAMS 0x000000008cb00000, 0x000000008cb00000| Complete 
| 174|0x000000008cc00000, 0x000000008cd00000, 0x000000008cd00000|100%| E|CS|TAMS 0x000000008cc00000, 0x000000008cc00000| Complete 
| 175|0x000000008cd00000, 0x000000008ce00000, 0x000000008ce00000|100%| E|CS|TAMS 0x000000008cd00000, 0x000000008cd00000| Complete 
| 176|0x000000008ce00000, 0x000000008cf00000, 0x000000008cf00000|100%| E|CS|TAMS 0x000000008ce00000, 0x000000008ce00000| Complete 
| 177|0x000000008cf00000, 0x000000008d000000, 0x000000008d000000|100%| E|CS|TAMS 0x000000008cf00000, 0x000000008cf00000| Complete 
| 178|0x000000008d000000, 0x000000008d100000, 0x000000008d100000|100%| E|CS|TAMS 0x000000008d000000, 0x000000008d000000| Complete 
| 179|0x000000008d100000, 0x000000008d200000, 0x000000008d200000|100%| E|CS|TAMS 0x000000008d100000, 0x000000008d100000| Complete 
| 180|0x000000008d200000, 0x000000008d300000, 0x000000008d300000|100%| E|CS|TAMS 0x000000008d200000, 0x000000008d200000| Complete 
| 181|0x000000008d300000, 0x000000008d400000, 0x000000008d400000|100%| E|CS|TAMS 0x000000008d300000, 0x000000008d300000| Complete 
| 182|0x000000008d400000, 0x000000008d500000, 0x000000008d500000|100%| E|CS|TAMS 0x000000008d400000, 0x000000008d400000| Complete 
| 183|0x000000008d500000, 0x000000008d600000, 0x000000008d600000|100%| E|CS|TAMS 0x000000008d500000, 0x000000008d500000| Complete 
| 184|0x000000008d600000, 0x000000008d700000, 0x000000008d700000|100%| E|CS|TAMS 0x000000008d600000, 0x000000008d600000| Complete 
| 185|0x000000008d700000, 0x000000008d800000, 0x000000008d800000|100%| E|CS|TAMS 0x000000008d700000, 0x000000008d700000| Complete 
| 186|0x000000008d800000, 0x000000008d900000, 0x000000008d900000|100%| E|CS|TAMS 0x000000008d800000, 0x000000008d800000| Complete 
| 187|0x000000008d900000, 0x000000008da00000, 0x000000008da00000|100%| E|CS|TAMS 0x000000008d900000, 0x000000008d900000| Complete 
| 188|0x000000008da00000, 0x000000008db00000, 0x000000008db00000|100%| E|CS|TAMS 0x000000008da00000, 0x000000008da00000| Complete 
| 189|0x000000008db00000, 0x000000008dc00000, 0x000000008dc00000|100%| E|CS|TAMS 0x000000008db00000, 0x000000008db00000| Complete 
| 190|0x000000008dc00000, 0x000000008dd00000, 0x000000008dd00000|100%| E|CS|TAMS 0x000000008dc00000, 0x000000008dc00000| Complete 
| 191|0x000000008dd00000, 0x000000008de00000, 0x000000008de00000|100%| E|CS|TAMS 0x000000008dd00000, 0x000000008dd00000| Complete 
| 192|0x000000008de00000, 0x000000008df00000, 0x000000008df00000|100%| E|CS|TAMS 0x000000008de00000, 0x000000008de00000| Complete 
| 193|0x000000008df00000, 0x000000008e000000, 0x000000008e000000|100%| E|CS|TAMS 0x000000008df00000, 0x000000008df00000| Complete 
| 194|0x000000008e000000, 0x000000008e100000, 0x000000008e100000|100%| E|CS|TAMS 0x000000008e000000, 0x000000008e000000| Complete 
| 195|0x000000008e100000, 0x000000008e200000, 0x000000008e200000|100%| E|CS|TAMS 0x000000008e100000, 0x000000008e100000| Complete 
| 196|0x000000008e200000, 0x000000008e300000, 0x000000008e300000|100%| E|CS|TAMS 0x000000008e200000, 0x000000008e200000| Complete 
| 197|0x000000008e300000, 0x000000008e400000, 0x000000008e400000|100%| E|CS|TAMS 0x000000008e300000, 0x000000008e300000| Complete 
| 198|0x000000008e400000, 0x000000008e500000, 0x000000008e500000|100%| E|CS|TAMS 0x000000008e400000, 0x000000008e400000| Complete 
| 199|0x000000008e500000, 0x000000008e600000, 0x000000008e600000|100%| E|CS|TAMS 0x000000008e500000, 0x000000008e500000| Complete 
| 200|0x000000008e600000, 0x000000008e700000, 0x000000008e700000|100%| E|CS|TAMS 0x000000008e600000, 0x000000008e600000| Complete 
| 201|0x000000008e700000, 0x000000008e800000, 0x000000008e800000|100%| E|CS|TAMS 0x000000008e700000, 0x000000008e700000| Complete 
| 202|0x000000008e800000, 0x000000008e900000, 0x000000008e900000|100%| E|CS|TAMS 0x000000008e800000, 0x000000008e800000| Complete 
| 203|0x000000008e900000, 0x000000008ea00000, 0x000000008ea00000|100%| E|CS|TAMS 0x000000008e900000, 0x000000008e900000| Complete 
| 204|0x000000008ea00000, 0x000000008eb00000, 0x000000008eb00000|100%| E|CS|TAMS 0x000000008ea00000, 0x000000008ea00000| Complete 
| 205|0x000000008eb00000, 0x000000008ec00000, 0x000000008ec00000|100%| E|CS|TAMS 0x000000008eb00000, 0x000000008eb00000| Complete 
| 206|0x000000008ec00000, 0x000000008ed00000, 0x000000008ed00000|100%| E|CS|TAMS 0x000000008ec00000, 0x000000008ec00000| Complete 
| 207|0x000000008ed00000, 0x000000008ee00000, 0x000000008ee00000|100%| E|CS|TAMS 0x000000008ed00000, 0x000000008ed00000| Complete 
| 208|0x000000008ee00000, 0x000000008ef00000, 0x000000008ef00000|100%| E|CS|TAMS 0x000000008ee00000, 0x000000008ee00000| Complete 
| 209|0x000000008ef00000, 0x000000008f000000, 0x000000008f000000|100%| E|CS|TAMS 0x000000008ef00000, 0x000000008ef00000| Complete 
| 210|0x000000008f000000, 0x000000008f100000, 0x000000008f100000|100%| E|CS|TAMS 0x000000008f000000, 0x000000008f000000| Complete 
| 211|0x000000008f100000, 0x000000008f200000, 0x000000008f200000|100%| E|CS|TAMS 0x000000008f100000, 0x000000008f100000| Complete 
| 212|0x000000008f200000, 0x000000008f300000, 0x000000008f300000|100%| E|CS|TAMS 0x000000008f200000, 0x000000008f200000| Complete 
| 213|0x000000008f300000, 0x000000008f400000, 0x000000008f400000|100%| E|CS|TAMS 0x000000008f300000, 0x000000008f300000| Complete 
| 214|0x000000008f400000, 0x000000008f500000, 0x000000008f500000|100%| E|CS|TAMS 0x000000008f400000, 0x000000008f400000| Complete 
| 215|0x000000008f500000, 0x000000008f600000, 0x000000008f600000|100%| E|CS|TAMS 0x000000008f500000, 0x000000008f500000| Complete 
| 216|0x000000008f600000, 0x000000008f700000, 0x000000008f700000|100%| E|CS|TAMS 0x000000008f600000, 0x000000008f600000| Complete 
| 217|0x000000008f700000, 0x000000008f800000, 0x000000008f800000|100%| E|CS|TAMS 0x000000008f700000, 0x000000008f700000| Complete 
| 218|0x000000008f800000, 0x000000008f900000, 0x000000008f900000|100%| E|CS|TAMS 0x000000008f800000, 0x000000008f800000| Complete 
| 219|0x000000008f900000, 0x000000008fa00000, 0x000000008fa00000|100%| E|CS|TAMS 0x000000008f900000, 0x000000008f900000| Complete 
| 220|0x000000008fa00000, 0x000000008fb00000, 0x000000008fb00000|100%| E|CS|TAMS 0x000000008fa00000, 0x000000008fa00000| Complete 
| 221|0x000000008fb00000, 0x000000008fc00000, 0x000000008fc00000|100%| E|CS|TAMS 0x000000008fb00000, 0x000000008fb00000| Complete 
| 222|0x000000008fc00000, 0x000000008fd00000, 0x000000008fd00000|100%| E|CS|TAMS 0x000000008fc00000, 0x000000008fc00000| Complete 
| 223|0x000000008fd00000, 0x000000008fe00000, 0x000000008fe00000|100%| E|CS|TAMS 0x000000008fd00000, 0x000000008fd00000| Complete 
| 224|0x000000008fe00000, 0x000000008ff00000, 0x000000008ff00000|100%| E|CS|TAMS 0x000000008fe00000, 0x000000008fe00000| Complete 
| 225|0x000000008ff00000, 0x0000000090000000, 0x0000000090000000|100%| E|CS|TAMS 0x000000008ff00000, 0x000000008ff00000| Complete 
| 226|0x0000000090000000, 0x0000000090100000, 0x0000000090100000|100%| E|CS|TAMS 0x0000000090000000, 0x0000000090000000| Complete 
| 227|0x0000000090100000, 0x0000000090200000, 0x0000000090200000|100%| E|CS|TAMS 0x0000000090100000, 0x0000000090100000| Complete 
| 228|0x0000000090200000, 0x0000000090300000, 0x0000000090300000|100%| E|CS|TAMS 0x0000000090200000, 0x0000000090200000| Complete 
| 229|0x0000000090300000, 0x0000000090400000, 0x0000000090400000|100%| E|CS|TAMS 0x0000000090300000, 0x0000000090300000| Complete 
| 230|0x0000000090400000, 0x0000000090500000, 0x0000000090500000|100%| E|CS|TAMS 0x0000000090400000, 0x0000000090400000| Complete 
| 231|0x0000000090500000, 0x0000000090600000, 0x0000000090600000|100%| E|CS|TAMS 0x0000000090500000, 0x0000000090500000| Complete 
| 232|0x0000000090600000, 0x0000000090700000, 0x0000000090700000|100%| E|CS|TAMS 0x0000000090600000, 0x0000000090600000| Complete 
| 233|0x0000000090700000, 0x0000000090800000, 0x0000000090800000|100%| E|CS|TAMS 0x0000000090700000, 0x0000000090700000| Complete 
| 234|0x0000000090800000, 0x0000000090900000, 0x0000000090900000|100%| E|CS|TAMS 0x0000000090800000, 0x0000000090800000| Complete 
| 235|0x0000000090900000, 0x0000000090a00000, 0x0000000090a00000|100%| E|CS|TAMS 0x0000000090900000, 0x0000000090900000| Complete 
| 236|0x0000000090a00000, 0x0000000090b00000, 0x0000000090b00000|100%| E|CS|TAMS 0x0000000090a00000, 0x0000000090a00000| Complete 
| 237|0x0000000090b00000, 0x0000000090c00000, 0x0000000090c00000|100%| E|CS|TAMS 0x0000000090b00000, 0x0000000090b00000| Complete 
| 238|0x0000000090c00000, 0x0000000090d00000, 0x0000000090d00000|100%| E|CS|TAMS 0x0000000090c00000, 0x0000000090c00000| Complete 
| 239|0x0000000090d00000, 0x0000000090e00000, 0x0000000090e00000|100%| E|CS|TAMS 0x0000000090d00000, 0x0000000090d00000| Complete 
| 240|0x0000000090e00000, 0x0000000090f00000, 0x0000000090f00000|100%| E|CS|TAMS 0x0000000090e00000, 0x0000000090e00000| Complete 
| 241|0x0000000090f00000, 0x0000000091000000, 0x0000000091000000|100%| E|CS|TAMS 0x0000000090f00000, 0x0000000090f00000| Complete 
| 242|0x0000000091000000, 0x0000000091100000, 0x0000000091100000|100%| E|CS|TAMS 0x0000000091000000, 0x0000000091000000| Complete 
| 243|0x0000000091100000, 0x0000000091200000, 0x0000000091200000|100%| E|CS|TAMS 0x0000000091100000, 0x0000000091100000| Complete 
| 244|0x0000000091200000, 0x0000000091300000, 0x0000000091300000|100%| E|CS|TAMS 0x0000000091200000, 0x0000000091200000| Complete 
| 245|0x0000000091300000, 0x0000000091400000, 0x0000000091400000|100%| E|CS|TAMS 0x0000000091300000, 0x0000000091300000| Complete 
| 246|0x0000000091400000, 0x0000000091500000, 0x0000000091500000|100%| E|CS|TAMS 0x0000000091400000, 0x0000000091400000| Complete 
| 247|0x0000000091500000, 0x0000000091600000, 0x0000000091600000|100%| E|CS|TAMS 0x0000000091500000, 0x0000000091500000| Complete 
| 248|0x0000000091600000, 0x0000000091700000, 0x0000000091700000|100%| E|CS|TAMS 0x0000000091600000, 0x0000000091600000| Complete 
| 249|0x0000000091700000, 0x0000000091800000, 0x0000000091800000|100%| E|CS|TAMS 0x0000000091700000, 0x0000000091700000| Complete 
| 250|0x0000000091800000, 0x0000000091900000, 0x0000000091900000|100%| E|CS|TAMS 0x0000000091800000, 0x0000000091800000| Complete 
| 251|0x0000000091900000, 0x0000000091a00000, 0x0000000091a00000|100%| E|CS|TAMS 0x0000000091900000, 0x0000000091900000| Complete 
| 252|0x0000000091a00000, 0x0000000091b00000, 0x0000000091b00000|100%| E|CS|TAMS 0x0000000091a00000, 0x0000000091a00000| Complete 
| 253|0x0000000091b00000, 0x0000000091c00000, 0x0000000091c00000|100%| E|CS|TAMS 0x0000000091b00000, 0x0000000091b00000| Complete 
| 254|0x0000000091c00000, 0x0000000091d00000, 0x0000000091d00000|100%| E|CS|TAMS 0x0000000091c00000, 0x0000000091c00000| Complete 
| 255|0x0000000091d00000, 0x0000000091e00000, 0x0000000091e00000|100%| E|CS|TAMS 0x0000000091d00000, 0x0000000091d00000| Complete 
| 256|0x0000000091e00000, 0x0000000091f00000, 0x0000000091f00000|100%| E|CS|TAMS 0x0000000091e00000, 0x0000000091e00000| Complete 
| 257|0x0000000091f00000, 0x0000000092000000, 0x0000000092000000|100%| E|CS|TAMS 0x0000000091f00000, 0x0000000091f00000| Complete 
| 258|0x0000000092000000, 0x0000000092100000, 0x0000000092100000|100%| E|CS|TAMS 0x0000000092000000, 0x0000000092000000| Complete 
| 259|0x0000000092100000, 0x0000000092200000, 0x0000000092200000|100%| E|CS|TAMS 0x0000000092100000, 0x0000000092100000| Complete 
| 260|0x0000000092200000, 0x0000000092300000, 0x0000000092300000|100%| E|CS|TAMS 0x0000000092200000, 0x0000000092200000| Complete 
| 261|0x0000000092300000, 0x0000000092400000, 0x0000000092400000|100%| E|CS|TAMS 0x0000000092300000, 0x0000000092300000| Complete 
| 262|0x0000000092400000, 0x0000000092500000, 0x0000000092500000|100%| E|CS|TAMS 0x0000000092400000, 0x0000000092400000| Complete 
| 263|0x0000000092500000, 0x0000000092600000, 0x0000000092600000|100%| E|CS|TAMS 0x0000000092500000, 0x0000000092500000| Complete 
| 264|0x0000000092600000, 0x0000000092700000, 0x0000000092700000|100%| E|CS|TAMS 0x0000000092600000, 0x0000000092600000| Complete 
| 265|0x0000000092700000, 0x0000000092800000, 0x0000000092800000|100%| E|CS|TAMS 0x0000000092700000, 0x0000000092700000| Complete 
| 266|0x0000000092800000, 0x0000000092900000, 0x0000000092900000|100%| E|CS|TAMS 0x0000000092800000, 0x0000000092800000| Complete 
| 267|0x0000000092900000, 0x0000000092a00000, 0x0000000092a00000|100%| E|CS|TAMS 0x0000000092900000, 0x0000000092900000| Complete 
| 268|0x0000000092a00000, 0x0000000092b00000, 0x0000000092b00000|100%| E|CS|TAMS 0x0000000092a00000, 0x0000000092a00000| Complete 
| 269|0x0000000092b00000, 0x0000000092c00000, 0x0000000092c00000|100%| E|CS|TAMS 0x0000000092b00000, 0x0000000092b00000| Complete 
| 270|0x0000000092c00000, 0x0000000092d00000, 0x0000000092d00000|100%| E|CS|TAMS 0x0000000092c00000, 0x0000000092c00000| Complete 
| 271|0x0000000092d00000, 0x0000000092e00000, 0x0000000092e00000|100%| E|CS|TAMS 0x0000000092d00000, 0x0000000092d00000| Complete 
| 272|0x0000000092e00000, 0x0000000092f00000, 0x0000000092f00000|100%| E|CS|TAMS 0x0000000092e00000, 0x0000000092e00000| Complete 
| 273|0x0000000092f00000, 0x0000000093000000, 0x0000000093000000|100%| E|CS|TAMS 0x0000000092f00000, 0x0000000092f00000| Complete 
| 274|0x0000000093000000, 0x0000000093100000, 0x0000000093100000|100%| E|CS|TAMS 0x0000000093000000, 0x0000000093000000| Complete 
| 275|0x0000000093100000, 0x0000000093200000, 0x0000000093200000|100%| E|CS|TAMS 0x0000000093100000, 0x0000000093100000| Complete 
| 276|0x0000000093200000, 0x0000000093300000, 0x0000000093300000|100%| E|CS|TAMS 0x0000000093200000, 0x0000000093200000| Complete 
| 277|0x0000000093300000, 0x0000000093400000, 0x0000000093400000|100%| E|CS|TAMS 0x0000000093300000, 0x0000000093300000| Complete 
| 278|0x0000000093400000, 0x0000000093500000, 0x0000000093500000|100%| E|CS|TAMS 0x0000000093400000, 0x0000000093400000| Complete 
| 279|0x0000000093500000, 0x0000000093600000, 0x0000000093600000|100%| E|CS|TAMS 0x0000000093500000, 0x0000000093500000| Complete 
| 280|0x0000000093600000, 0x0000000093700000, 0x0000000093700000|100%| E|CS|TAMS 0x0000000093600000, 0x0000000093600000| Complete 
| 281|0x0000000093700000, 0x0000000093800000, 0x0000000093800000|100%| E|CS|TAMS 0x0000000093700000, 0x0000000093700000| Complete 
| 282|0x0000000093800000, 0x0000000093900000, 0x0000000093900000|100%| E|CS|TAMS 0x0000000093800000, 0x0000000093800000| Complete 
| 283|0x0000000093900000, 0x0000000093a00000, 0x0000000093a00000|100%| E|CS|TAMS 0x0000000093900000, 0x0000000093900000| Complete 
| 284|0x0000000093a00000, 0x0000000093b00000, 0x0000000093b00000|100%| E|CS|TAMS 0x0000000093a00000, 0x0000000093a00000| Complete 
| 285|0x0000000093b00000, 0x0000000093c00000, 0x0000000093c00000|100%| E|CS|TAMS 0x0000000093b00000, 0x0000000093b00000| Complete 
| 286|0x0000000093c00000, 0x0000000093d00000, 0x0000000093d00000|100%| E|CS|TAMS 0x0000000093c00000, 0x0000000093c00000| Complete 
| 287|0x0000000093d00000, 0x0000000093e00000, 0x0000000093e00000|100%| E|CS|TAMS 0x0000000093d00000, 0x0000000093d00000| Complete 
| 288|0x0000000093e00000, 0x0000000093f00000, 0x0000000093f00000|100%| E|CS|TAMS 0x0000000093e00000, 0x0000000093e00000| Complete 
| 289|0x0000000093f00000, 0x0000000094000000, 0x0000000094000000|100%| E|CS|TAMS 0x0000000093f00000, 0x0000000093f00000| Complete 
| 290|0x0000000094000000, 0x0000000094100000, 0x0000000094100000|100%| E|CS|TAMS 0x0000000094000000, 0x0000000094000000| Complete 
| 291|0x0000000094100000, 0x0000000094200000, 0x0000000094200000|100%| E|CS|TAMS 0x0000000094100000, 0x0000000094100000| Complete 
| 292|0x0000000094200000, 0x0000000094300000, 0x0000000094300000|100%| E|CS|TAMS 0x0000000094200000, 0x0000000094200000| Complete 
| 293|0x0000000094300000, 0x0000000094400000, 0x0000000094400000|100%| E|CS|TAMS 0x0000000094300000, 0x0000000094300000| Complete 
| 294|0x0000000094400000, 0x0000000094500000, 0x0000000094500000|100%| E|CS|TAMS 0x0000000094400000, 0x0000000094400000| Complete 
| 295|0x0000000094500000, 0x0000000094600000, 0x0000000094600000|100%| E|CS|TAMS 0x0000000094500000, 0x0000000094500000| Complete 
| 296|0x0000000094600000, 0x0000000094700000, 0x0000000094700000|100%| E|CS|TAMS 0x0000000094600000, 0x0000000094600000| Complete 
| 297|0x0000000094700000, 0x0000000094800000, 0x0000000094800000|100%| E|CS|TAMS 0x0000000094700000, 0x0000000094700000| Complete 
| 298|0x0000000094800000, 0x0000000094900000, 0x0000000094900000|100%| E|CS|TAMS 0x0000000094800000, 0x0000000094800000| Complete 
| 299|0x0000000094900000, 0x0000000094a00000, 0x0000000094a00000|100%| E|CS|TAMS 0x0000000094900000, 0x0000000094900000| Complete 
| 300|0x0000000094a00000, 0x0000000094b00000, 0x0000000094b00000|100%| E|CS|TAMS 0x0000000094a00000, 0x0000000094a00000| Complete 
| 301|0x0000000094b00000, 0x0000000094c00000, 0x0000000094c00000|100%| E|CS|TAMS 0x0000000094b00000, 0x0000000094b00000| Complete 
| 302|0x0000000094c00000, 0x0000000094d00000, 0x0000000094d00000|100%| E|CS|TAMS 0x0000000094c00000, 0x0000000094c00000| Complete 
| 303|0x0000000094d00000, 0x0000000094e00000, 0x0000000094e00000|100%| E|CS|TAMS 0x0000000094d00000, 0x0000000094d00000| Complete 
| 304|0x0000000094e00000, 0x0000000094f00000, 0x0000000094f00000|100%| E|CS|TAMS 0x0000000094e00000, 0x0000000094e00000| Complete 
| 305|0x0000000094f00000, 0x0000000095000000, 0x0000000095000000|100%| E|CS|TAMS 0x0000000094f00000, 0x0000000094f00000| Complete 
| 306|0x0000000095000000, 0x0000000095100000, 0x0000000095100000|100%| E|CS|TAMS 0x0000000095000000, 0x0000000095000000| Complete 
| 307|0x0000000095100000, 0x0000000095200000, 0x0000000095200000|100%| E|CS|TAMS 0x0000000095100000, 0x0000000095100000| Complete 
| 308|0x0000000095200000, 0x0000000095300000, 0x0000000095300000|100%| E|CS|TAMS 0x0000000095200000, 0x0000000095200000| Complete 
| 309|0x0000000095300000, 0x0000000095400000, 0x0000000095400000|100%| E|CS|TAMS 0x0000000095300000, 0x0000000095300000| Complete 
|2013|0x00000000ffb00000, 0x00000000ffc00000, 0x00000000ffc00000|100%| O|  |TAMS 0x00000000ffb00000, 0x00000000ffb00000| Untracked 
|2014|0x00000000ffc00000, 0x00000000ffd00000, 0x00000000ffd00000|100%| O|  |TAMS 0x00000000ffc00000, 0x00000000ffc00000| Untracked 
|2015|0x00000000ffd00000, 0x00000000ffe00000, 0x00000000ffe00000|100%| O|  |TAMS 0x00000000ffd00000, 0x00000000ffd00000| Untracked 
|2016|0x00000000ffe00000, 0x00000000fff00000, 0x00000000fff00000|100%| O|  |TAMS 0x00000000ffe00000, 0x00000000ffe00000| Untracked 
|2017|0x00000000fff00000, 0x0000000100000000, 0x0000000100000000|100%| O|  |TAMS 0x00000000fff00000, 0x00000000fff00000| Untracked 

Card table byte_map: [0x0000021d79dd0000,0x0000021d7a1d0000] _byte_map_base: 0x0000021d799c1000

Marking Bits (Prev, Next): (CMBitMap*) 0x0000021d66cd17c0, (CMBitMap*) 0x0000021d66cd1780
 Prev Bits: [0x0000021d7c560000, 0x0000021d7e4e8000)
 Next Bits: [0x0000021d7a5d0000, 0x0000021d7c558000)

Polling page: 0x0000021d64bc0000

Metaspace:

Usage:
  Non-class:     65.99 MB capacity,    65.44 MB (>99%) used,   452.95 KB ( <1%) free+waste,   108.25 KB ( <1%) overhead. 
      Class:      9.95 MB capacity,     9.70 MB ( 97%) used,   214.78 KB (  2%) free+waste,    42.19 KB ( <1%) overhead. 
       Both:     75.94 MB capacity,    75.14 MB ( 99%) used,   667.73 KB ( <1%) free+waste,   150.44 KB ( <1%) overhead. 

Virtual space:
  Non-class space:       66.00 MB reserved,      66.00 MB (100%) committed 
      Class space:        1.00 GB reserved,      10.00 MB ( <1%) committed 
             Both:        1.06 GB reserved,      76.00 MB (  7%) committed 

Chunk freelists:
   Non-Class:  8.00 KB
       Class:  0 bytes
        Both:  8.00 KB

MaxMetaspaceSize: 17179869184.00 GB
CompressedClassSpaceSize: 1.00 GB

CodeHeap 'non-profiled nmethods': size=238336Kb used=17888Kb max_used=17888Kb free=220447Kb
 bounds [0x0000021d6ade0000, 0x0000021d6bf60000, 0x0000021d796a0000]
CodeHeap 'non-nmethods': size=7424Kb used=1357Kb max_used=1357Kb free=6066Kb
 bounds [0x0000021d6a6a0000, 0x0000021d6a910000, 0x0000021d6ade0000]
 total_blobs=11616 nmethods=10955 adapters=587
 compilation: enabled
              stopped_count=0, restarted_count=0
 full_count=0

Compilation events (20 events):
Event: 2027.965 Thread 0x0000021d7f799900 10950       1       jdk.internal.misc.Unsafe::compareAndExchangeByte (114 bytes)
Event: 2027.966 Thread 0x0000021d7f799900 nmethod 10950 0x0000021d6bf50e90 code [0x0000021d6bf51020, 0x0000021d6bf511b8]
Event: 2027.986 Thread 0x0000021d7f799900 10951       1       sun.nio.ch.SocketAdaptor::getInetAddress (19 bytes)
Event: 2027.987 Thread 0x0000021d7f799900 nmethod 10951 0x0000021d6bf51290 code [0x0000021d6bf51420, 0x0000021d6bf515f8]
Event: 2027.987 Thread 0x0000021d7f799900 10952       1       java.net.Inet6Address$Inet6AddressHolder::getHostAddress (84 bytes)
Event: 2027.992 Thread 0x0000021d7f799900 nmethod 10952 0x0000021d6bf51790 code [0x0000021d6bf519e0, 0x0000021d6bf52028]
Event: 2028.598 Thread 0x0000021d7f799900 10953   !   1       org.apache.tomcat.util.net.NioEndpoint$Poller::cancelledKey (107 bytes)
Event: 2028.614 Thread 0x0000021d7f799900 nmethod 10953 0x0000021d6bf52310 code [0x0000021d6bf525c0, 0x0000021d6bf52e28]
Event: 2028.614 Thread 0x0000021d7f799900 10954   !   1       org.apache.tomcat.util.net.SocketWrapperBase::close (104 bytes)
Event: 2028.620 Thread 0x0000021d7f799900 nmethod 10954 0x0000021d6bf53790 code [0x0000021d6bf53a20, 0x0000021d6bf541b8]
Event: 2028.620 Thread 0x0000021d7f799900 10955       1       org.apache.coyote.AbstractProtocol$ConnectionHandler::release (19 bytes)
Event: 2028.620 Thread 0x0000021d7f799900 nmethod 10955 0x0000021d6bf54910 code [0x0000021d6bf54ac0, 0x0000021d6bf54c08]
Event: 2028.620 Thread 0x0000021d7f799900 10956       1       org.apache.tomcat.util.threads.LimitLatch::countDown (68 bytes)
Event: 2028.625 Thread 0x0000021d7f799900 nmethod 10956 0x0000021d6bf54d10 code [0x0000021d6bf54f40, 0x0000021d6bf553f8]
Event: 2028.626 Thread 0x0000021d7f799900 10957       1       org.apache.tomcat.util.threads.LimitLatch::getCount (8 bytes)
Event: 2028.626 Thread 0x0000021d7f799900 nmethod 10957 0x0000021d6bf55810 code [0x0000021d6bf559a0, 0x0000021d6bf55a78]
Event: 2028.626 Thread 0x0000021d7f799900 10958   !   1       org.apache.tomcat.util.net.NioEndpoint$NioSocketWrapper::doClose (318 bytes)
Event: 2028.639 Thread 0x0000021d7f799900 nmethod 10958 0x0000021d6bf55b10 code [0x0000021d6bf55ec0, 0x0000021d6bf56e98]
Event: 2029.863 Thread 0x0000021d7f799900 10959       1       org.apache.tomcat.util.net.AbstractEndpoint::countDownConnection (56 bytes)
Event: 2029.865 Thread 0x0000021d7f799900 nmethod 10959 0x0000021d6bf57a90 code [0x0000021d6bf57c60, 0x0000021d6bf57eb8]

GC Heap History (20 events):
Event: 2037.746 GC heap after
{Heap after GC invocations=439 (full 0):
 garbage-first heap   total 319488K, used 36881K [0x0000000081e00000, 0x0000000100000000)
  region size 1024K, 2 young (2048K), 2 survivors (2048K)
 Metaspace       used 76947K, capacity 77766K, committed 77824K, reserved 1116160K
  class space    used 9933K, capacity 10190K, committed 10240K, reserved 1048576K
}
Event: 2038.202 GC heap before
{Heap before GC invocations=439 (full 0):
 garbage-first heap   total 319488K, used 312337K [0x0000000081e00000, 0x0000000100000000)
  region size 1024K, 187 young (191488K), 2 survivors (2048K)
 Metaspace       used 76947K, capacity 77766K, committed 77824K, reserved 1116160K
  class space    used 9933K, capacity 10190K, committed 10240K, reserved 1048576K
}
Event: 2038.204 GC heap after
{Heap after GC invocations=440 (full 0):
 garbage-first heap   total 319488K, used 38917K [0x0000000081e00000, 0x0000000100000000)
  region size 1024K, 3 young (3072K), 3 survivors (3072K)
 Metaspace       used 76947K, capacity 77766K, committed 77824K, reserved 1116160K
  class space    used 9933K, capacity 10190K, committed 10240K, reserved 1048576K
}
Event: 2038.648 GC heap before
{Heap before GC invocations=440 (full 0):
 garbage-first heap   total 319488K, used 313349K [0x0000000081e00000, 0x0000000100000000)
  region size 1024K, 187 young (191488K), 3 survivors (3072K)
 Metaspace       used 76947K, capacity 77766K, committed 77824K, reserved 1116160K
  class space    used 9933K, capacity 10190K, committed 10240K, reserved 1048576K
}
Event: 2038.651 GC heap after
{Heap after GC invocations=441 (full 0):
 garbage-first heap   total 322560K, used 40602K [0x0000000081e00000, 0x0000000100000000)
  region size 1024K, 5 young (5120K), 5 survivors (5120K)
 Metaspace       used 76947K, capacity 77766K, committed 77824K, reserved 1116160K
  class space    used 9933K, capacity 10190K, committed 10240K, reserved 1048576K
}
Event: 2039.310 GC heap before
{Heap before GC invocations=441 (full 0):
 garbage-first heap   total 322560K, used 314010K [0x0000000081e00000, 0x0000000100000000)
  region size 1024K, 189 young (193536K), 5 survivors (5120K)
 Metaspace       used 76947K, capacity 77766K, committed 77824K, reserved 1116160K
  class space    used 9933K, capacity 10190K, committed 10240K, reserved 1048576K
}
Event: 2039.312 GC heap after
{Heap after GC invocations=442 (full 0):
 garbage-first heap   total 322560K, used 36873K [0x0000000081e00000, 0x0000000100000000)
  region size 1024K, 2 young (2048K), 2 survivors (2048K)
 Metaspace       used 76947K, capacity 77766K, committed 77824K, reserved 1116160K
  class space    used 9933K, capacity 10190K, committed 10240K, reserved 1048576K
}
Event: 2040.024 GC heap before
{Heap before GC invocations=442 (full 0):
 garbage-first heap   total 322560K, used 316425K [0x0000000081e00000, 0x0000000100000000)
  region size 1024K, 189 young (193536K), 2 survivors (2048K)
 Metaspace       used 76947K, capacity 77766K, committed 77824K, reserved 1116160K
  class space    used 9933K, capacity 10190K, committed 10240K, reserved 1048576K
}
Event: 2040.025 GC heap after
{Heap after GC invocations=443 (full 0):
 garbage-first heap   total 322560K, used 36476K [0x0000000081e00000, 0x0000000100000000)
  region size 1024K, 2 young (2048K), 2 survivors (2048K)
 Metaspace       used 76947K, capacity 77766K, committed 77824K, reserved 1116160K
  class space    used 9933K, capacity 10190K, committed 10240K, reserved 1048576K
}
Event: 2040.590 GC heap before
{Heap before GC invocations=443 (full 0):
 garbage-first heap   total 322560K, used 313980K [0x0000000081e00000, 0x0000000100000000)
  region size 1024K, 189 young (193536K), 2 survivors (2048K)
 Metaspace       used 76947K, capacity 77766K, committed 77824K, reserved 1116160K
  class space    used 9933K, capacity 10190K, committed 10240K, reserved 1048576K
}
Event: 2040.592 GC heap after
{Heap after GC invocations=444 (full 0):
 garbage-first heap   total 322560K, used 36867K [0x0000000081e00000, 0x0000000100000000)
  region size 1024K, 2 young (2048K), 2 survivors (2048K)
 Metaspace       used 76947K, capacity 77766K, committed 77824K, reserved 1116160K
  class space    used 9933K, capacity 10190K, committed 10240K, reserved 1048576K
}
Event: 2041.254 GC heap before
{Heap before GC invocations=444 (full 0):
 garbage-first heap   total 322560K, used 315395K [0x0000000081e00000, 0x0000000100000000)
  region size 1024K, 189 young (193536K), 2 survivors (2048K)
 Metaspace       used 76947K, capacity 77766K, committed 77824K, reserved 1116160K
  class space    used 9933K, capacity 10190K, committed 10240K, reserved 1048576K
}
Event: 2041.257 GC heap after
{Heap after GC invocations=445 (full 0):
 garbage-first heap   total 322560K, used 35885K [0x0000000081e00000, 0x0000000100000000)
  region size 1024K, 1 young (1024K), 1 survivors (1024K)
 Metaspace       used 76947K, capacity 77766K, committed 77824K, reserved 1116160K
  class space    used 9933K, capacity 10190K, committed 10240K, reserved 1048576K
}
Event: 2041.709 GC heap before
{Heap before GC invocations=445 (full 0):
 garbage-first heap   total 322560K, used 315437K [0x0000000081e00000, 0x0000000100000000)
  region size 1024K, 189 young (193536K), 1 survivors (1024K)
 Metaspace       used 76947K, capacity 77766K, committed 77824K, reserved 1116160K
  class space    used 9933K, capacity 10190K, committed 10240K, reserved 1048576K
}
Event: 2041.711 GC heap after
{Heap after GC invocations=446 (full 0):
 garbage-first heap   total 322560K, used 36879K [0x0000000081e00000, 0x0000000100000000)
  region size 1024K, 2 young (2048K), 2 survivors (2048K)
 Metaspace       used 76947K, capacity 77766K, committed 77824K, reserved 1116160K
  class space    used 9933K, capacity 10190K, committed 10240K, reserved 1048576K
}
Event: 2042.263 GC heap before
{Heap before GC invocations=446 (full 0):
 garbage-first heap   total 322560K, used 316431K [0x0000000081e00000, 0x0000000100000000)
  region size 1024K, 189 young (193536K), 2 survivors (2048K)
 Metaspace       used 76947K, capacity 77766K, committed 77824K, reserved 1116160K
  class space    used 9933K, capacity 10190K, committed 10240K, reserved 1048576K
}
Event: 2042.265 GC heap after
{Heap after GC invocations=447 (full 0):
 garbage-first heap   total 322560K, used 37512K [0x0000000081e00000, 0x0000000100000000)
  region size 1024K, 2 young (2048K), 2 survivors (2048K)
 Metaspace       used 76947K, capacity 77766K, committed 77824K, reserved 1116160K
  class space    used 9933K, capacity 10190K, committed 10240K, reserved 1048576K
}
Event: 2042.791 GC heap before
{Heap before GC invocations=447 (full 0):
 garbage-first heap   total 322560K, used 316040K [0x0000000081e00000, 0x0000000100000000)
  region size 1024K, 189 young (193536K), 2 survivors (2048K)
 Metaspace       used 76947K, capacity 77766K, committed 77824K, reserved 1116160K
  class space    used 9933K, capacity 10190K, committed 10240K, reserved 1048576K
}
Event: 2042.794 GC heap after
{Heap after GC invocations=448 (full 0):
 garbage-first heap   total 322560K, used 35137K [0x0000000081e00000, 0x0000000100000000)
  region size 1024K, 1 young (1024K), 1 survivors (1024K)
 Metaspace       used 76947K, capacity 77766K, committed 77824K, reserved 1116160K
  class space    used 9933K, capacity 10190K, committed 10240K, reserved 1048576K
}
Event: 2043.600 GC heap before
{Heap before GC invocations=448 (full 0):
 garbage-first heap   total 322560K, used 315713K [0x0000000081e00000, 0x0000000100000000)
  region size 1024K, 189 young (193536K), 1 survivors (1024K)
 Metaspace       used 76947K, capacity 77766K, committed 77824K, reserved 1116160K
  class space    used 9933K, capacity 10190K, committed 10240K, reserved 1048576K
}

Deoptimization events (8 events):
Event: 2.070 Thread 0x0000021d030d26f0 DEOPT PACKING pc=0x0000021d6b0d983c sp=0x0000005fb2ffce80
Event: 2.070 Thread 0x0000021d030d26f0 DEOPT UNPACKING pc=0x0000021d6a6ee23f sp=0x0000005fb2ffc3d8 mode 0
Event: 5.655 Thread 0x0000021d030d26f0 DEOPT PACKING pc=0x0000021d6b0bb3c2 sp=0x0000005fb2ff5190
Event: 5.655 Thread 0x0000021d030d26f0 DEOPT UNPACKING pc=0x0000021d6a6ee23f sp=0x0000005fb2ff4698 mode 3
Event: 1388.576 Thread 0x0000021d032448b0 DEOPT PACKING pc=0x0000021d6af18d4c sp=0x0000005fb47fba80
Event: 1388.576 Thread 0x0000021d032448b0 DEOPT UNPACKING pc=0x0000021d6a6ee23f sp=0x0000005fb47fafa8 mode 0
Event: 1388.577 Thread 0x0000021d03240080 DEOPT PACKING pc=0x0000021d6af18ea2 sp=0x0000005fb46fbf50
Event: 1388.577 Thread 0x0000021d03240080 DEOPT UNPACKING pc=0x0000021d6a6ee23f sp=0x0000005fb46fb478 mode 0

Classes unloaded (1 events):
Event: 1683.578 Thread 0x0000021d7f78b840 Unloading class 0x0000000100862440 'jdk/internal/reflect/GeneratedMethodAccessor78'

Classes redefined (0 events):
No events

Internal exceptions (20 events):
Event: 1585.295 Thread 0x0000021d03240080 Exception <a 'java/lang/NullPointerException'{0x0000000084a60570}> (0x0000000084a60570) 
thrown [./open/src/hotspot/share/interpreter/linkResolver.cpp, line 1457]
Event: 1585.296 Thread 0x0000021d03240080 Exception <a 'java/lang/NullPointerException'{0x0000000084790a90}> (0x0000000084790a90) 
thrown [./open/src/hotspot/share/interpreter/linkResolver.cpp, line 1457]
Event: 1585.296 Thread 0x0000021d03240080 Exception <a 'java/lang/reflect/InvocationTargetException'{0x00000000847912b8}> (0x00000000847912b8) 
thrown [./open/src/hotspot/share/runtime/reflection.cpp, line 1157]
Event: 1612.793 Thread 0x0000021d0323d530 Exception <a 'java/lang/reflect/InvocationTargetException'{0x0000000085490148}> (0x0000000085490148) 
thrown [./open/src/hotspot/share/runtime/reflection.cpp, line 1157]
Event: 1619.470 Thread 0x0000021d02576df0 Exception <a 'java/lang/NoSuchMethodError'{0x00000000851d3180}: 'java.lang.Object java.lang.invoke.DirectMethodHandle$Holder.invokeStaticInit(java.lang.Object, java.lang.Object, java.lang.Object, java.lang.Object, java.lang.Object, java.lang.Object)'> (0x00000000851d3180) 
thrown [./open/src/hotspot/share/interpreter/linkResolver.cpp, line 782]
Event: 1622.756 Thread 0x0000021d032430a0 Exception <a 'java/lang/NoSuchMethodError'{0x0000000084bc2918}: 'java.lang.Object java.lang.invoke.DirectMethodHandle$Holder.invokeInterface(java.lang.Object, java.lang.Object, java.lang.Object, java.lang.Object)'> (0x0000000084bc2918) 
thrown [./open/src/hotspot/share/interpreter/linkResolver.cpp, line 782]
Event: 1675.600 Thread 0x0000021d032448b0 Exception <a 'java/lang/ClassNotFoundException'{0x0000000089d0b7b8}: java/lang/ObjectCustomizer> (0x0000000089d0b7b8) 
thrown [./open/src/hotspot/share/classfile/systemDictionary.cpp, line 295]
Event: 1675.603 Thread 0x0000021d032448b0 Exception <a 'java/lang/ClassNotFoundException'{0x0000000089d1a470}: com/pfe/back/BackPfe/entities/FileDBCustomizer> (0x0000000089d1a470) 
thrown [./open/src/hotspot/share/classfile/systemDictionary.cpp, line 295]
Event: 1676.024 Thread 0x0000021d032448b0 Exception <a 'java/lang/reflect/InvocationTargetException'{0x000000008ac125a0}> (0x000000008ac125a0) 
thrown [./open/src/hotspot/share/runtime/reflection.cpp, line 1157]
Event: 1676.024 Thread 0x0000021d032448b0 Exception <a 'java/lang/reflect/InvocationTargetException'{0x000000008ac13310}> (0x000000008ac13310) 
thrown [./open/src/hotspot/share/runtime/reflection.cpp, line 1157]
Event: 1676.024 Thread 0x0000021d032448b0 Exception <a 'java/lang/reflect/InvocationTargetException'{0x000000008ac13dd8}> (0x000000008ac13dd8) 
thrown [./open/src/hotspot/share/runtime/reflection.cpp, line 1157]
Event: 1683.815 Thread 0x0000021d02576df0 Exception <a 'java/lang/ClassNotFoundException'{0x000000008cf92518}: java/lang/ObjectCustomizer> (0x000000008cf92518) 
thrown [./open/src/hotspot/share/classfile/systemDictionary.cpp, line 295]
Event: 1683.816 Thread 0x0000021d02576df0 Exception <a 'java/lang/ClassNotFoundException'{0x000000008cfa0be8}: com/pfe/back/BackPfe/entities/UserCustomizer> (0x000000008cfa0be8) 
thrown [./open/src/hotspot/share/classfile/systemDictionary.cpp, line 295]
Event: 1683.817 Thread 0x0000021d02576df0 Exception <a 'java/lang/ClassNotFoundException'{0x000000008cfcaf50}: org/springframework/security/core/userdetails/UserDetailsCustomizer> (0x000000008cfcaf50) 
thrown [./open/src/hotspot/share/classfile/systemDictionary.cpp, line 295]
Event: 1683.912 Thread 0x0000021d0323e3a0 Exception <a 'java/io/FileNotFoundException'{0x000000008cca8610}> (0x000000008cca8610) 
thrown [./open/src/hotspot/share/prims/jni.cpp, line 578]
Event: 1683.940 Thread 0x0000021d0323e3a0 Exception <a 'java/io/FileNotFoundException'{0x000000008cbff6d8}> (0x000000008cbff6d8) 
thrown [./open/src/hotspot/share/prims/jni.cpp, line 578]
Event: 1685.199 Thread 0x0000021d0323e3a0 Exception <a 'java/io/FileNotFoundException'{0x000000008bbebfc8}> (0x000000008bbebfc8) 
thrown [./open/src/hotspot/share/prims/jni.cpp, line 578]
Event: 1685.199 Thread 0x0000021d0323e3a0 Exception <a 'java/io/FileNotFoundException'{0x000000008bbed1c0}> (0x000000008bbed1c0) 
thrown [./open/src/hotspot/share/prims/jni.cpp, line 578]
Event: 2043.568 Thread 0x0000021d02576df0 Exception <a 'java/io/IOException'{0x000000008a0fbca8}> (0x000000008a0fbca8) 
thrown [./open/src/hotspot/share/prims/jni.cpp, line 578]
Event: 2043.584 Thread 0x0000021d0323da00 Exception <a 'java/io/IOException'{0x0000000089cff5f0}> (0x0000000089cff5f0) 
thrown [./open/src/hotspot/share/prims/jni.cpp, line 578]

Events (20 events):
Event: 2042.794 Executing VM operation: G1CollectForAllocation done
Event: 2042.794 Executing VM operation: HandshakeAllThreads
Event: 2042.794 Executing VM operation: HandshakeAllThreads done
Event: 2043.073 Executing VM operation: ICBufferFull
Event: 2043.073 Executing VM operation: ICBufferFull done
Event: 2043.073 Executing VM operation: HandshakeAllThreads
Event: 2043.073 Executing VM operation: HandshakeAllThreads done
Event: 2043.211 Executing VM operation: ICBufferFull
Event: 2043.211 Executing VM operation: ICBufferFull done
Event: 2043.213 Executing VM operation: HandshakeAllThreads
Event: 2043.213 Executing VM operation: HandshakeAllThreads done
Event: 2043.362 Executing VM operation: ICBufferFull
Event: 2043.362 Executing VM operation: ICBufferFull done
Event: 2043.362 Executing VM operation: HandshakeAllThreads
Event: 2043.363 Executing VM operation: HandshakeAllThreads done
Event: 2043.505 Executing VM operation: ICBufferFull
Event: 2043.506 Executing VM operation: ICBufferFull done
Event: 2043.506 Executing VM operation: HandshakeAllThreads
Event: 2043.506 Executing VM operation: HandshakeAllThreads done
Event: 2043.598 Executing VM operation: G1CollectForAllocation


Dynamic libraries:
0x00007ff7898e0000 - 0x00007ff7898ed000 	C:\Users\Cirine\Desktop\ENV JAVA\sts-4.9.0.RELEASE\plugins\org.eclipse.justj.openjdk.hotspot.jre.full.win32.x86_64_15.0.1.v20201027-0507\jre\bin\javaw.exe
0x00007ffe3de50000 - 0x00007ffe3e045000 	C:\Windows\SYSTEM32\ntdll.dll
0x00007ffe3c900000 - 0x00007ffe3c9be000 	C:\Windows\System32\KERNEL32.DLL
0x00007ffe3b570000 - 0x00007ffe3b838000 	C:\Windows\System32\KERNELBASE.dll
0x00007ffe3b870000 - 0x00007ffe3b970000 	C:\Windows\System32\ucrtbase.dll
0x00007ffdcfe00000 - 0x00007ffdcfe18000 	C:\Users\Cirine\Desktop\ENV JAVA\sts-4.9.0.RELEASE\plugins\org.eclipse.justj.openjdk.hotspot.jre.full.win32.x86_64_15.0.1.v20201027-0507\jre\bin\jli.dll
0x00007ffdcf530000 - 0x00007ffdcf549000 	C:\Users\Cirine\Desktop\ENV JAVA\sts-4.9.0.RELEASE\plugins\org.eclipse.justj.openjdk.hotspot.jre.full.win32.x86_64_15.0.1.v20201027-0507\jre\bin\VCRUNTIME140.dll
0x00007ffe3cde0000 - 0x00007ffe3cf80000 	C:\Windows\System32\USER32.dll
0x00007ffe3b840000 - 0x00007ffe3b862000 	C:\Windows\System32\win32u.dll
0x00007ffe28b90000 - 0x00007ffe28e2a000 	C:\Windows\WinSxS\amd64_microsoft.windows.common-controls_6595b64144ccf1df_6.0.19041.1110_none_60b5254171f9507e\COMCTL32.dll
0x00007ffe3bf80000 - 0x00007ffe3bfab000 	C:\Windows\System32\GDI32.dll
0x00007ffe3bed0000 - 0x00007ffe3bf6e000 	C:\Windows\System32\msvcrt.dll
0x00007ffe3bad0000 - 0x00007ffe3bbdb000 	C:\Windows\System32\gdi32full.dll
0x00007ffe3be10000 - 0x00007ffe3bead000 	C:\Windows\System32\msvcp_win.dll
0x00007ffe3c0a0000 - 0x00007ffe3c0d0000 	C:\Windows\System32\IMM32.DLL
0x00007ffe1e520000 - 0x00007ffe1e52c000 	C:\Users\Cirine\Desktop\ENV JAVA\sts-4.9.0.RELEASE\plugins\org.eclipse.justj.openjdk.hotspot.jre.full.win32.x86_64_15.0.1.v20201027-0507\jre\bin\vcruntime140_1.dll
0x00007ffdc6e00000 - 0x00007ffdc6e91000 	C:\Users\Cirine\Desktop\ENV JAVA\sts-4.9.0.RELEASE\plugins\org.eclipse.justj.openjdk.hotspot.jre.full.win32.x86_64_15.0.1.v20201027-0507\jre\bin\msvcp140.dll
0x00007ffdd19a0000 - 0x00007ffdd24fe000 	C:\Users\Cirine\Desktop\ENV JAVA\sts-4.9.0.RELEASE\plugins\org.eclipse.justj.openjdk.hotspot.jre.full.win32.x86_64_15.0.1.v20201027-0507\jre\bin\server\jvm.dll
0x00007ffe3ccd0000 - 0x00007ffe3cd7e000 	C:\Windows\System32\ADVAPI32.dll
0x00007ffe3dbd0000 - 0x00007ffe3dc6c000 	C:\Windows\System32\sechost.dll
0x00007ffe3c1a0000 - 0x00007ffe3c2c5000 	C:\Windows\System32\RPCRT4.dll
0x00007ffe3bf70000 - 0x00007ffe3bf78000 	C:\Windows\System32\PSAPI.DLL
0x00007ffe36920000 - 0x00007ffe36947000 	C:\Windows\SYSTEM32\WINMM.dll
0x00007ffe34410000 - 0x00007ffe3441a000 	C:\Windows\SYSTEM32\VERSION.dll
0x00007ffe24fb0000 - 0x00007ffe24fb9000 	C:\Windows\SYSTEM32\WSOCK32.dll
0x00007ffe3c3f0000 - 0x00007ffe3c45b000 	C:\Windows\System32\WS2_32.dll
0x00007ffe39dd0000 - 0x00007ffe39de2000 	C:\Windows\SYSTEM32\kernel.appcore.dll
0x00007ffe24cc0000 - 0x00007ffe24cca000 	C:\Users\Cirine\Desktop\ENV JAVA\sts-4.9.0.RELEASE\plugins\org.eclipse.justj.openjdk.hotspot.jre.full.win32.x86_64_15.0.1.v20201027-0507\jre\bin\jimage.dll
0x00007ffe391f0000 - 0x00007ffe393d4000 	C:\Windows\SYSTEM32\DBGHELP.DLL
0x00007ffe22900000 - 0x00007ffe2292c000 	C:\Windows\SYSTEM32\dbgcore.DLL
0x00007ffe3bbe0000 - 0x00007ffe3bc62000 	C:\Windows\System32\bcryptPrimitives.dll
0x00007ffe02ff0000 - 0x00007ffe03015000 	C:\Users\Cirine\Desktop\ENV JAVA\sts-4.9.0.RELEASE\plugins\org.eclipse.justj.openjdk.hotspot.jre.full.win32.x86_64_15.0.1.v20201027-0507\jre\bin\java.dll
0x00007ffe112e0000 - 0x00007ffe112f8000 	C:\Users\Cirine\Desktop\ENV JAVA\sts-4.9.0.RELEASE\plugins\org.eclipse.justj.openjdk.hotspot.jre.full.win32.x86_64_15.0.1.v20201027-0507\jre\bin\zip.dll
0x00007ffe3d470000 - 0x00007ffe3dbb4000 	C:\Windows\System32\SHELL32.dll
0x00007ffe39620000 - 0x00007ffe39db4000 	C:\Windows\SYSTEM32\windows.storage.dll
0x00007ffe3c540000 - 0x00007ffe3c894000 	C:\Windows\System32\combase.dll
0x00007ffe3aef0000 - 0x00007ffe3af1c000 	C:\Windows\SYSTEM32\Wldp.dll
0x00007ffe3cc20000 - 0x00007ffe3cccd000 	C:\Windows\System32\SHCORE.dll
0x00007ffe3c8a0000 - 0x00007ffe3c8f5000 	C:\Windows\System32\shlwapi.dll
0x00007ffe3b4b0000 - 0x00007ffe3b4cf000 	C:\Windows\SYSTEM32\profapi.dll
0x00007ffe10ee0000 - 0x00007ffe10ef9000 	C:\Users\Cirine\Desktop\ENV JAVA\sts-4.9.0.RELEASE\plugins\org.eclipse.justj.openjdk.hotspot.jre.full.win32.x86_64_15.0.1.v20201027-0507\jre\bin\net.dll
0x00007ffe306c0000 - 0x00007ffe307c9000 	C:\Windows\SYSTEM32\WINHTTP.dll
0x00007ffe3acd0000 - 0x00007ffe3ad3a000 	C:\Windows\system32\mswsock.dll
0x00007ffe0da60000 - 0x00007ffe0da72000 	C:\Users\Cirine\Desktop\ENV JAVA\sts-4.9.0.RELEASE\plugins\org.eclipse.justj.openjdk.hotspot.jre.full.win32.x86_64_15.0.1.v20201027-0507\jre\bin\nio.dll
0x00007ffe1e3e0000 - 0x00007ffe1e3e9000 	C:\Users\Cirine\Desktop\ENV JAVA\sts-4.9.0.RELEASE\plugins\org.eclipse.justj.openjdk.hotspot.jre.full.win32.x86_64_15.0.1.v20201027-0507\jre\bin\management.dll
0x00007ffe1e270000 - 0x00007ffe1e27b000 	C:\Users\Cirine\Desktop\ENV JAVA\sts-4.9.0.RELEASE\plugins\org.eclipse.justj.openjdk.hotspot.jre.full.win32.x86_64_15.0.1.v20201027-0507\jre\bin\management_ext.dll
0x00007ffe18cf0000 - 0x00007ffe18d07000 	C:\Windows\system32\napinsp.dll
0x00007ffe18cd0000 - 0x00007ffe18ceb000 	C:\Windows\system32\pnrpnsp.dll
0x00007ffe18cb0000 - 0x00007ffe18cc5000 	C:\Windows\system32\wshbth.dll
0x00007ffe368e0000 - 0x00007ffe368fd000 	C:\Windows\system32\NLAapi.dll
0x00007ffe3a990000 - 0x00007ffe3a9cb000 	C:\Windows\SYSTEM32\IPHLPAPI.DLL
0x00007ffe3a9d0000 - 0x00007ffe3aa9a000 	C:\Windows\SYSTEM32\DNSAPI.dll
0x00007ffe3dda0000 - 0x00007ffe3dda8000 	C:\Windows\System32\NSI.dll
0x00007ffe18a00000 - 0x00007ffe18a12000 	C:\Windows\System32\winrnr.dll
0x00007ffe30610000 - 0x00007ffe3061a000 	C:\Windows\System32\rasadhlp.dll
0x00007ffe2a5c0000 - 0x00007ffe2a63f000 	C:\Windows\System32\fwpuclnt.dll
0x00007ffe3bd90000 - 0x00007ffe3bdb7000 	C:\Windows\System32\bcrypt.dll
0x00007ffe3af30000 - 0x00007ffe3af48000 	C:\Windows\SYSTEM32\CRYPTSP.dll
0x00007ffe3a600000 - 0x00007ffe3a634000 	C:\Windows\system32\rsaenh.dll
0x00007ffe3b470000 - 0x00007ffe3b49e000 	C:\Windows\SYSTEM32\USERENV.dll
0x00007ffe3ae60000 - 0x00007ffe3ae6c000 	C:\Windows\SYSTEM32\CRYPTBASE.dll
0x00007ffe32500000 - 0x00007ffe32517000 	C:\Windows\SYSTEM32\dhcpcsvc6.DLL
0x00007ffe324a0000 - 0x00007ffe324bd000 	C:\Windows\SYSTEM32\dhcpcsvc.DLL
0x00007ffe335a0000 - 0x00007ffe335b0000 	C:\Users\Cirine\Desktop\ENV JAVA\sts-4.9.0.RELEASE\plugins\org.eclipse.justj.openjdk.hotspot.jre.full.win32.x86_64_15.0.1.v20201027-0507\jre\bin\verify.dll
0x00007ffe1e610000 - 0x00007ffe1e61d000 	C:\Users\Cirine\Desktop\ENV JAVA\sts-4.9.0.RELEASE\plugins\org.eclipse.justj.openjdk.hotspot.jre.full.win32.x86_64_15.0.1.v20201027-0507\jre\bin\sunmscapi.dll
0x00007ffe3b970000 - 0x00007ffe3bac6000 	C:\Windows\System32\CRYPT32.dll
0x00007ffe3b040000 - 0x00007ffe3b067000 	C:\Windows\SYSTEM32\ncrypt.dll
0x00007ffe3b000000 - 0x00007ffe3b03b000 	C:\Windows\SYSTEM32\NTASN1.dll

dbghelp: loaded successfully - version: 4.0.5 - missing functions: none
symbol engine: initialized successfully - sym options: 0x614 - pdb path: .;C:\Users\Cirine\Desktop\ENV JAVA\sts-4.9.0.RELEASE\plugins\org.eclipse.justj.openjdk.hotspot.jre.full.win32.x86_64_15.0.1.v20201027-0507\jre\bin;C:\Windows\SYSTEM32;C:\Windows\WinSxS\amd64_microsoft.windows.common-controls_6595b64144ccf1df_6.0.19041.1110_none_60b5254171f9507e;C:\Users\Cirine\Desktop\ENV JAVA\sts-4.9.0.RELEASE\plugins\org.eclipse.justj.openjdk.hotspot.jre.full.win32.x86_64_15.0.1.v20201027-0507\jre\bin\server

VM Arguments:
jvm_args: -Dcom.sun.management.jmxremote -Dcom.sun.management.jmxremote.port=60030 -Dcom.sun.management.jmxremote.authenticate=false -Dcom.sun.management.jmxremote.ssl=false -Djava.rmi.server.hostname=localhost -Dspring.jmx.enabled=true -Dspring.application.admin.enabled=true -XX:TieredStopAtLevel=1 -Dspring.boot.project.name=BackPfe -Dfile.encoding=UTF-8 -XX:+ShowCodeDetailsInExceptionMessages 
java_command: com.pfe.back.BackPfe.BackPfeApplication --spring.output.ansi.enabled=always
java_class_path (initial): C:\Users\Cirine\Desktop\BackendPfe-master\BackendPfe-master\target\classes;C:\Users\Cirine\.m2\repository\org\springframework\boot\spring-boot-starter-data-jpa\2.6.4\spring-boot-starter-data-jpa-2.6.4.jar;C:\Users\Cirine\.m2\repository\org\springframework\boot\spring-boot-starter-aop\2.6.4\spring-boot-starter-aop-2.6.4.jar;C:\Users\Cirine\.m2\repository\org\aspectj\aspectjweaver\1.9.7\aspectjweaver-1.9.7.jar;C:\Users\Cirine\.m2\repository\org\springframework\boot\spring-boot-starter-jdbc\2.6.4\spring-boot-starter-jdbc-2.6.4.jar;C:\Users\Cirine\.m2\repository\com\zaxxer\HikariCP\4.0.3\HikariCP-4.0.3.jar;C:\Users\Cirine\.m2\repository\org\springframework\spring-jdbc\5.3.16\spring-jdbc-5.3.16.jar;C:\Users\Cirine\.m2\repository\jakarta\transaction\jakarta.transaction-api\1.3.3\jakarta.transaction-api-1.3.3.jar;C:\Users\Cirine\.m2\repository\jakarta\persistence\jakarta.persistence-api\2.2.3\jakarta.persistence-api-2.2.3.jar;C:\Users\Cirine\.m2\repository\org\hibernate\hibernate-core\5.6.5.Final\hibernate-core-5.6.5.Final.jar;C:\Users\Cirine\.m2\repository\org\jboss\logging\jboss-logging\3.4.3.Final\jboss-logging-3.4.3.Final.jar;C:\Users\Cirine\.m2\repository\net\bytebuddy\byte-buddy\1.11.22\byte-buddy-1.11.22.jar;C:\Users\Cirine\.m2\repository\antlr\antlr\2.7.7\antlr-2.7.7.jar;C:\Users\Cirine\.m2\repository\org\jboss\jandex\2.4.2.Final\jandex-2.4.2.Final.jar;C:\Users\Cirine\.m2\repository\com\fasterxml\classmate\1.5.1\classmate-1.5.1.jar;C:\Users\Cirine\.m2\repository\org\hibernate\common\hibernate-commons-annotations\5.1.2.Final\hibernate-commons-annotations-5.1.2.Final.jar;C:\Users\Cirine\.m2\repository\org\glassfish\jaxb\jaxb-runtime\2.3.6\jaxb-runtime-2.3.6.jar;C:\Users\Cirine\.m2\repository\org\glassfish\jaxb\txw2\2.3.6\txw2-2.3.6.jar;C:\Users\Cirine\.m2\repository\com\sun\istack\istack-commons-runtime\3.0.12\istack-commons-runtime-3.0.12.jar;C:\Users\Cirine\.m2\repository\org\springframework\data\spring-data-jpa\2.6.2\spring-data-jpa-2.
Launcher Type: SUN_STANDARD

[Global flags]
     intx CICompilerCount                          = 4                                         {product} {ergonomic}
     uint ConcGCThreads                            = 2                                         {product} {ergonomic}
     uint G1ConcRefinementThreads                  = 8                                         {product} {ergonomic}
   size_t G1HeapRegionSize                         = 1048576                                   {product} {ergonomic}
    uintx GCDrainStackTargetSize                   = 64                                        {product} {ergonomic}
   size_t InitialHeapSize                          = 134217728                                 {product} {ergonomic}
     bool ManagementServer                         = true                                      {product} {command line}
   size_t MarkStackSize                            = 4194304                                   {product} {ergonomic}
   size_t MaxHeapSize                              = 2116026368                                {product} {ergonomic}
   size_t MaxNewSize                               = 1268776960                                {product} {ergonomic}
   size_t MinHeapDeltaBytes                        = 1048576                                   {product} {ergonomic}
   size_t MinHeapSize                              = 8388608                                   {product} {ergonomic}
    uintx NonNMethodCodeHeapSize                   = 7549744                                {pd product} {ergonomic}
    uintx NonProfiledCodeHeapSize                  = 244108496                              {pd product} {ergonomic}
    uintx ProfiledCodeHeapSize                     = 0                                      {pd product} {ergonomic}
    uintx ReservedCodeCacheSize                    = 251658240                              {pd product} {ergonomic}
     bool SegmentedCodeCache                       = true                                      {product} {ergonomic}
     bool ShowCodeDetailsInExceptionMessages       = true                                   {manageable} {command line}
   size_t SoftMaxHeapSize                          = 2116026368                             {manageable} {ergonomic}
     intx TieredStopAtLevel                        = 1                                         {product} {command line}
     bool UseCompressedClassPointers               = true                                 {lp64_product} {ergonomic}
     bool UseCompressedOops                        = true                                 {lp64_product} {ergonomic}
     bool UseG1GC                                  = true                                      {product} {ergonomic}
     bool UseLargePagesIndividualAllocation        = false                                  {pd product} {ergonomic}

Logging:
Log output configuration:
 #0: stdout all=warning uptime,level,tags
 #1: stderr all=off uptime,level,tags

Environment Variables:
PATH=C:/Users/Cirine/Desktop/ENV JAVA/sts-4.9.0.RELEASE//plugins/org.eclipse.justj.openjdk.hotspot.jre.full.win32.x86_64_15.0.1.v20201027-0507/jre/bin/server;C:/Users/Cirine/Desktop/ENV JAVA/sts-4.9.0.RELEASE//plugins/org.eclipse.justj.openjdk.hotspot.jre.full.win32.x86_64_15.0.1.v20201027-0507/jre/bin;C:\Program Files (x86)\Common Files\Oracle\Java\javapath;C:\Windows\system32;C:\Windows;C:\Windows\System32\Wbem;C:\Windows\System32\WindowsPowerShell\v1.0\;C:\Windows\System32\OpenSSH\;C:\Program Files\Docker\Docker\resources\bin;C:\ProgramData\DockerDesktop\version-bin;C:\Program Files\Git\cmd;C:\Program Files\node\nodejs\;C:\Program Files\MySQL\MySQL Shell 8.0\bin\;C:\Users\Cirine\AppData\Local\Microsoft\WindowsApps;C:\Users\Cirine\AppData\Local\Programs\Microsoft VS Code\bin;C:\Users\Cirine\AppData\Local\GitHubDesktop\bin;C:\ProgramData\Cirine\GitHubDesktop\bin;C:\Users\Cirine\AppData\Roaming\npm;C:\Users\Cirine\Desktop\ENV JAVA\sts-4.9.0.RELEASE;
USERNAME=Cirine
OS=Windows_NT
PROCESSOR_IDENTIFIER=Intel64 Family 6 Model 142 Stepping 12, GenuineIntel



---------------  S Y S T E M  ---------------

OS:
 Windows 10 , 64 bit Build 19041 (10.0.19041.1566)
OS uptime: 3 days 23:03 hours
HyperV virtualization detected

CPU: total 8 (initial active 8) (4 cores per cpu, 2 threads per core) family 6 model 142 stepping 12 microcode 0xb8, cmov, cx8, fxsr, mmx, sse, sse2, sse3, ssse3, sse4.1, sse4.2, popcnt, vzeroupper, avx, avx2, aes, clmul, erms, 3dnowpref, lzcnt, ht, tsc, tscinvbit, bmi1, bmi2, adx, fma, clflush, clflushopt

Memory: 4k page, system-wide physical 8071M (444M free)
TotalPageFile size 32647M (AvailPageFile size 2M)
current process WorkingSet (physical memory assigned to process): 294M, peak: 436M
current process commit charge ("private bytes"): 529M, peak: 530M

vm_info: OpenJDK 64-Bit Server VM (15.0.1+9-18) for windows-amd64 JRE (15.0.1+9-18), built on Sep 15 2020 14:39:31 by "mach5one" with unknown MS VC++:1925

END.
